list index out of range 使用google翻译太频繁,停止爬虫60s
n***z| https://www.aliexpress.com/item/-/33006655957.html|33006655957| 08 Jul 2019 10:59|width:100%;|good|
list index out of range 使用google翻译太频繁,停止爬虫60s
W***n| https://www.aliexpress.com/item/-/32950850475.html|32950850475| 08 Jul 2019 10:56|width:100%;|Mooi product|
list index out of range 使用google翻译太频繁,停止爬虫60s
m***m| https://www.aliexpress.com/item/-/32911738915.html|32911738915| 08 Jul 2019 10:50|width:80%;|heb het al gekregen|
list index out of range 使用google翻译太频繁,停止爬虫60s
E***v| https://www.aliexpress.com/item/-/32899754676.html|32899754676| 08 Jul 2019 10:34|width:100%;|довольно быстрая доставка, пружина достаточно тугая, есть острые места на пластике, которые нужно было дополнительно обработать. меня всё устраивает|
E***a | https://www.aliexpress.com/item/-/32899754676.html|32899754676| 08 Jul 2019 10:15|width:80%;||
J***a| https://www.aliexpress.com/item/-/32950850475.html|32950850475| 08 Jul 2019 09:49|width:100%;||
D***v | https://www.aliexpress.com/item/-/32899754676.html|32899754676| 08 Jul 2019 09:31|width:100%;||
G***i| https://www.aliexpress.com/item/-/32899754676.html|32899754676| 08 Jul 2019 09:23|width:100%;||
v***m| https://www.aliexpress.com/item/-/33012572197.html|33012572197| 08 Jul 2019 09:17|width:100%;||
A***o| https://www.aliexpress.com/item/-/32919126852.html|32919126852| 08 Jul 2019 09:17|width:100%;||
b***v| https://www.aliexpress.com/item/-/32874642353.html|32874642353| 08 Jul 2019 08:41|width:100%;||
M***o| https://www.aliexpress.com/item/-/32950850475.html|32950850475| 08 Jul 2019 08:38|width:80%;||
M***v| https://www.aliexpress.com/item/-/32899754676.html|32899754676| 08 Jul 2019 07:59|width:100%;||
G***v| https://www.aliexpress.com/item/-/32899754676.html|32899754676| 08 Jul 2019 07:45|width:100%;||
list index out of range 使用google翻译太频繁,停止爬虫60s
C***r| https://www.aliexpress.com/item/-/32926097679.html|32926097679| 08 Jul 2019 07:45|width:40%;|Qualité un peu nul tout en plastique|
S***i | https://www.aliexpress.com/item/-/32926097679.html|32926097679| 08 Jul 2019 07:05|width:100%;||
M***i| https://www.aliexpress.com/item/-/32919126852.html|32919126852| 08 Jul 2019 06:46|width:100%;||
list index out of range 使用google翻译太频繁,停止爬虫60s
S***k| https://www.aliexpress.com/item/-/32950850475.html|32950850475| 08 Jul 2019 06:18|width:100%;|Dobrý produkt|
H***e| https://www.aliexpress.com/item/-/32926097679.html|32926097679| 08 Jul 2019 05:43|width:100%;||
e***u| https://www.aliexpress.com/item/-/33006655957.html|33006655957| 08 Jul 2019 05:34|width:100%;||
J***e| https://www.aliexpress.com/item/-/32950850475.html|32950850475| 08 Jul 2019 05:01|width:100%;||
list index out of range 使用google翻译太频繁,停止爬虫60s
M***k| https://www.aliexpress.com/item/-/32899754676.html|32899754676| 08 Jul 2019 04:09|width:100%;|As described. Seller recommend.|
o***a| https://www.aliexpress.com/item/-/32876951158.html|32876951158| 08 Jul 2019 04:04|width:100%;||
G***o| https://www.aliexpress.com/item/-/32970973907.html|32970973907| 08 Jul 2019 03:13|width:100%;||
t***t| https://www.aliexpress.com/item/-/32874642353.html|32874642353| 08 Jul 2019 03:04|width:100%;||
D***s| https://www.aliexpress.com/item/-/32876951158.html|32876951158| 08 Jul 2019 02:27|width:100%;||
L***K | https://www.aliexpress.com/item/-/32874642353.html|32874642353| 08 Jul 2019 02:25|width:80%;||
R***n| https://www.aliexpress.com/item/-/32919126852.html|32919126852| 08 Jul 2019 01:51|width:100%;||
U***k| https://www.aliexpress.com/item/-/32899754676.html|32899754676| 08 Jul 2019 01:28|width:100%;||
L***a| https://www.aliexpress.com/item/-/32950850475.html|32950850475| 08 Jul 2019 01:19|width:100%;||
A***y| https://www.aliexpress.com/item/-/32899754676.html|32899754676| 08 Jul 2019 00:55|width:100%;||
E***s| https://www.aliexpress.com/item/-/32870526812.html|32870526812| 08 Jul 2019 00:08|width:100%;||
list index out of range 使用google翻译太频繁,停止爬虫60s
O***v| https://www.aliexpress.com/item/-/32926097679.html|32926097679| 07 Jul 2019 23:26|width:100%;|Отлично, пришёл быстро|
list index out of range 使用google翻译太频繁,停止爬虫60s
O***v| https://www.aliexpress.com/item/-/32899754676.html|32899754676| 07 Jul 2019 23:26|width:100%;|Отлично, пришёл быстро|
s***g| https://www.aliexpress.com/item/-/32856617913.html|32856617913| 07 Jul 2019 23:01|width:100%;||
l***l| https://www.aliexpress.com/item/-/32874642353.html|32874642353| 07 Jul 2019 22:44|width:100%;||
list index out of range 使用google翻译太频繁,停止爬虫60s
s***o| https://www.aliexpress.com/item/-/32919126852.html|32919126852| 07 Jul 2019 22:42|width:80%;|качество звучание с посторонними звуками. Да и само звучание не очень.|
list index out of range 使用google翻译太频繁,停止爬虫60s
V***a| https://www.aliexpress.com/item/-/32874642353.html|32874642353| 07 Jul 2019 21:13|width:100%;|спасибо ,,пришло все рабочее!!!|
P***a| https://www.aliexpress.com/item/-/32899754676.html|32899754676| 07 Jul 2019 17:38|width:100%;||
m***o| https://www.aliexpress.com/item/-/32899754676.html|32899754676| 07 Jul 2019 17:10|width:100%;||
M***p| https://www.aliexpress.com/item/-/33012572197.html|33012572197| 07 Jul 2019 15:26|width:100%;||
j***m| https://www.aliexpress.com/item/-/32874642353.html|32874642353| 07 Jul 2019 15:17|width:100%;||
list index out of range 使用google翻译太频繁,停止爬虫60s
e***e| https://www.aliexpress.com/item/-/32970388345.html|32970388345| 07 Jul 2019 15:08|width:60%;|.|
e***e| https://www.aliexpress.com/item/-/32970388345.html|32970388345| 07 Jul 2019 15:06|width:80%;||
A***n| https://www.aliexpress.com/item/-/32909704204.html|32909704204| 07 Jul 2019 13:53|width:100%;||
m***v| https://www.aliexpress.com/item/-/32876951158.html|32876951158| 07 Jul 2019 13:52|width:80%;||
o***P| https://www.aliexpress.com/item/-/32874642353.html|32874642353| 07 Jul 2019 13:03|width:100%;||
list index out of range 使用google翻译太频繁,停止爬虫60s
F***y| https://www.aliexpress.com/item/-/32899754676.html|32899754676| 07 Jul 2019 13:02|width:60%;|Device not fit in Some card like mine. I don’t recommend unless you are sure that fits in your car. I try to offer some that fits in his car|
list index out of range 使用google翻译太频繁,停止爬虫60s
C***d| https://www.aliexpress.com/item/-/32874642353.html|32874642353| 07 Jul 2019 12:56|width:80%;|Reçu dans les temps, facile à installer sur la voiture.|
f***f| https://www.aliexpress.com/item/-/32919126852.html|32919126852| 07 Jul 2019 12:43|width:100%;||
list index out of range 使用google翻译太频繁,停止爬虫60s
E***V| https://www.aliexpress.com/item/-/33012572197.html|33012572197| 07 Jul 2019 11:58|width:100%;|товар дошёл быстро всё соответствует описанию|
D***V| https://www.aliexpress.com/item/-/32909704204.html|32909704204| 07 Jul 2019 11:57|width:100%;||
A***v | https://www.aliexpress.com/item/-/32899754676.html|32899754676| 07 Jul 2019 11:48|width:80%;||
D***o | https://www.aliexpress.com/item/-/32926097679.html|32926097679| 07 Jul 2019 10:41|width:100%;||
s***s| https://www.aliexpress.com/item/-/32874642353.html|32874642353| 07 Jul 2019 09:50|width:80%;||
C***s| https://www.aliexpress.com/item/-/32874642353.html|32874642353| 07 Jul 2019 08:02|width:100%;||
list index out of range 使用google翻译太频繁,停止爬虫60s
O***a| https://www.aliexpress.com/item/-/32899754676.html|32899754676| 07 Jul 2019 07:10|width:80%;|на Рено кенго 1 , не підійшло, конструкція тримача на 4-.|
list index out of range 使用google翻译太频繁,停止爬虫60s
M***y| https://www.aliexpress.com/item/-/32950850475.html|32950850475| 07 Jul 2019 05:30|width:100%;|It looks nice|
M***v | https://www.aliexpress.com/item/-/32876951158.html|32876951158| 07 Jul 2019 05:30|width:100%;||
A***y| https://www.aliexpress.com/item/-/32899754676.html|32899754676| 07 Jul 2019 04:38|width:100%;||
E***r| https://www.aliexpress.com/item/-/32899754676.html|32899754676| 07 Jul 2019 04:13|width:100%;||
list index out of range 使用google翻译太频繁,停止爬虫60s
T***s| https://www.aliexpress.com/item/-/32874642353.html|32874642353| 07 Jul 2019 04:04|width:100%;|Good quality and fast delivery.|
R***k| https://www.aliexpress.com/item/-/32899754676.html|32899754676| 07 Jul 2019 03:33|width:80%;||
list index out of range 使用google翻译太频繁,停止爬虫60s
f***r| https://www.aliexpress.com/item/-/32899754676.html|32899754676| 07 Jul 2019 03:25|width:80%;|Als de houder gemonteerd is gaat de rek na een tijdje in de zon eruit en is deze lastig op een smaller dashboard te monteren|
list index out of range 使用google翻译太频繁,停止爬虫60s
G***i| https://www.aliexpress.com/item/-/32899754676.html|32899754676| 07 Jul 2019 02:14|width:100%;|All ok. Fast delivery :)|
A***z| https://www.aliexpress.com/item/-/32950850475.html|32950850475| 07 Jul 2019 01:38|width:100%;||
a***y| https://www.aliexpress.com/item/-/32899754676.html|32899754676| 06 Jul 2019 21:49|width:100%;||
list index out of range 使用google翻译太频繁,停止爬虫60s
A***o| https://www.aliexpress.com/item/-/32899754676.html|32899754676| 06 Jul 2019 21:48|width:80%;|На Renault Duster не подходит. Рамка приборки очень полстая для этого держателя|
G***k| https://www.aliexpress.com/item/-/32919126852.html|32919126852| 06 Jul 2019 15:25|width:100%;||
A***z| https://www.aliexpress.com/item/-/32899754676.html|32899754676| 06 Jul 2019 14:46|width:100%;||
S***c| https://www.aliexpress.com/item/-/32899754676.html|32899754676| 06 Jul 2019 14:38|width:100%;||
D***A| https://www.aliexpress.com/item/-/32876951158.html|32876951158| 06 Jul 2019 14:11|width:100%;||
list index out of range 使用google翻译太频繁,停止爬虫60s
s***s| https://www.aliexpress.com/item/-/32899754676.html|32899754676| 06 Jul 2019 13:26|width:100%;|Все отлично|
A***a| https://www.aliexpress.com/item/-/32899754676.html|32899754676| 06 Jul 2019 13:21|width:100%;||
list index out of range 使用google翻译太频繁,停止爬虫60s
S***k| https://www.aliexpress.com/item/-/32899754676.html|32899754676| 06 Jul 2019 12:15|width:100%;|Thanks +++|
list index out of range 使用google翻译太频繁,停止爬虫60s
W***n | https://www.aliexpress.com/item/-/32911738915.html|32911738915| 06 Jul 2019 12:00|width:60%;|iPad is te zwaar ok rechtop te blijven hangen|
list index out of range 使用google翻译太频繁,停止爬虫60s
s***n| https://www.aliexpress.com/item/-/32926097679.html|32926097679| 06 Jul 2019 11:36|width:100%;|Excellent product I recommend this seller and their service. thanks a lot|
list index out of range 使用google翻译太频繁,停止爬虫60s
A***o| https://www.aliexpress.com/item/-/32874642353.html|32874642353| 06 Jul 2019 11:25|width:100%;|как в описании, пахнет ужасно|
list index out of range 使用google翻译太频繁,停止爬虫60s
A***o| https://www.aliexpress.com/item/-/32876951158.html|32876951158| 06 Jul 2019 10:23|width:100%;|Посылка пришла на удивление быстро. Всё целое, всё работает. Хлипковатое конечно, но телефон держит крепко.|
list index out of range 使用google翻译太频繁,停止爬虫60s
S***i| https://www.aliexpress.com/item/-/32926097679.html|32926097679| 06 Jul 2019 09:23|width:20%;|Le ressort ne marchais pas. Mauvaise qualité. Je n’ai pas pu l’utiliser|
list index out of range 使用google翻译太频繁,停止爬虫60s
S***i| https://www.aliexpress.com/item/-/32926097679.html|32926097679| 06 Jul 2019 09:23|width:20%;|Le ressort ne marchais pas. Mauvaise qualité. Je n’ai pas pu l’utiliser|
list index out of range 使用google翻译太频繁,停止爬虫60s
A***y| https://www.aliexpress.com/item/-/33012572197.html|33012572197| 06 Jul 2019 08:42|width:100%;|Пластик чуть-чуть покоцан, но не критично.|
A***v| https://www.aliexpress.com/item/-/32874642353.html|32874642353| 06 Jul 2019 08:19|width:100%;||
list index out of range 使用google翻译太频繁,停止爬虫60s
D***T| https://www.aliexpress.com/item/-/32850485509.html|32850485509| 06 Jul 2019 08:01|width:20%;|not woking|
list index out of range 使用google翻译太频繁,停止爬虫60s
M***e| https://www.aliexpress.com/item/-/32899754676.html|32899754676| 06 Jul 2019 06:11|width:100%;|Product works as advertised, unfortunately it came out of the packaging with a very chemical smell. I had to leave it outside for a couple of days just to get rid of the smell...|
a***v| https://www.aliexpress.com/item/-/32856844088.html|32856844088| 06 Jul 2019 05:44|width:100%;||
E***e| https://www.aliexpress.com/item/-/32899754676.html|32899754676| 06 Jul 2019 05:31|width:100%;||
list index out of range 使用google翻译太频繁,停止爬虫60s
M***e| https://www.aliexpress.com/item/-/32899754676.html|32899754676| 06 Jul 2019 05:16|width:100%;|très bon produit|
R***e | https://www.aliexpress.com/item/-/32899754676.html|32899754676| 06 Jul 2019 05:00|width:100%;||
M***m| https://www.aliexpress.com/item/-/32899754676.html|32899754676| 06 Jul 2019 04:42|width:100%;||
M***m| https://www.aliexpress.com/item/-/32899754676.html|32899754676| 06 Jul 2019 04:42|width:100%;||
list index out of range 使用google翻译太频繁,停止爬虫60s
J***l| https://www.aliexpress.com/item/-/33015491410.html|33015491410| 06 Jul 2019 04:38|width:80%;|Very Quick shipment. Unfortunately NO EU Poweradapter. US adapter is useless over here.|
list index out of range 使用google翻译太频繁,停止爬虫60s
D***m| https://www.aliexpress.com/item/-/32899754676.html|32899754676| 06 Jul 2019 04:23|width:100%;|Precies zoals omschreven, netjes verpakt en super snel geleverd. Stevig materiaal en telefoon zit er goed en strak in. Klasse. Ik beveel deze verkoper aan.|
J***c| https://www.aliexpress.com/item/-/32899754676.html|32899754676| 06 Jul 2019 04:15|width:100%;||
list index out of range 使用google翻译太频繁,停止爬虫60s
F***m| https://www.aliexpress.com/item/-/32899754676.html|32899754676| 06 Jul 2019 04:12|width:100%;|Very good, thank you !|
K***e| https://www.aliexpress.com/item/-/32919126852.html|32919126852| 06 Jul 2019 03:46|width:100%;||
I***r| https://www.aliexpress.com/item/-/32899754676.html|32899754676| 06 Jul 2019 03:27|width:100%;||
list index out of range 使用google翻译太频繁,停止爬虫60s
J***k| https://www.aliexpress.com/item/-/32874642353.html|32874642353| 06 Jul 2019 03:17|width:20%;|The holder is shit. Tablet does not hold ... Cheap plastic DO NOT BUY|
list index out of range 使用google翻译太频繁,停止爬虫60s
O***r| https://www.aliexpress.com/item/-/32899754676.html|32899754676| 06 Jul 2019 02:59|width:100%;|спасибо продавцу, отправил быстро. заказала 19.06, а на почте уже была посылка 03.07. по качеству время покажет, но постоянно, при разжиме держателя, вылазиет штырек, на котором пружина держится. пластик твёрдый и с небольшими потертостями. в ходе эксплуатации дополню отзыв!|
M***m| https://www.aliexpress.com/item/-/32899754676.html|32899754676| 06 Jul 2019 01:44|width:100%;||
B***a| https://www.aliexpress.com/item/-/32970388345.html|32970388345| 06 Jul 2019 01:32|width:100%;||
list index out of range 使用google翻译太频繁,停止爬虫60s
L***y| https://www.aliexpress.com/item/-/32876951158.html|32876951158| 05 Jul 2019 23:52|width:20%;|war defekt bei Auslieferung|
list index out of range 使用google翻译太频繁,停止爬虫60s
A***n| https://www.aliexpress.com/item/-/32899754676.html|32899754676| 05 Jul 2019 20:31|width:100%;|Что ожидал то и получил, товар соответствует своему описанию.|
D***i| https://www.aliexpress.com/item/-/32899754676.html|32899754676| 05 Jul 2019 17:31|width:100%;||
P***n| https://www.aliexpress.com/item/-/32899754676.html|32899754676| 05 Jul 2019 14:31|width:100%;||
D***n | https://www.aliexpress.com/item/-/32874642353.html|32874642353| 05 Jul 2019 14:01|width:80%;||
M***y| https://www.aliexpress.com/item/-/32874642353.html|32874642353| 05 Jul 2019 13:20|width:100%;||
p***s| https://www.aliexpress.com/item/-/32856617913.html|32856617913| 05 Jul 2019 12:05|width:100%;||
A***n| https://www.aliexpress.com/item/-/32899754676.html|32899754676| 05 Jul 2019 11:48|width:100%;||
S***o| https://www.aliexpress.com/item/-/32950850475.html|32950850475| 05 Jul 2019 11:22|width:100%;||
S***n| https://www.aliexpress.com/item/-/32874642353.html|32874642353| 05 Jul 2019 11:17|width:100%;||
J***a| https://www.aliexpress.com/item/-/32919126852.html|32919126852| 05 Jul 2019 10:44|width:80%;||
S***v| https://www.aliexpress.com/item/-/32990168748.html|32990168748| 05 Jul 2019 10:16|width:100%;||
A***e| https://www.aliexpress.com/item/-/32899754676.html|32899754676| 05 Jul 2019 10:13|width:100%;||
V***n| https://www.aliexpress.com/item/-/32899754676.html|32899754676| 05 Jul 2019 10:08|width:100%;||
N***a| https://www.aliexpress.com/item/-/32919126852.html|32919126852| 05 Jul 2019 09:57|width:100%;||
list index out of range 使用google翻译太频繁,停止爬虫60s
F***z| https://www.aliexpress.com/item/-/32876951158.html|32876951158| 05 Jul 2019 09:45|width:80%;|It is really really fragile and it breaks easily so I do not recommend this item. too bad it is all cheap plastic because it could have been very nice.|
c***t| https://www.aliexpress.com/item/-/33012572197.html|33012572197| 05 Jul 2019 09:43|width:80%;||
list index out of range 使用google翻译太频繁,停止爬虫60s
V***M | https://www.aliexpress.com/item/-/32899754676.html|32899754676| 05 Jul 2019 08:16|width:100%;|12 дней . быстро,аккуратно.всё целое.рекомендую.|
N***n| https://www.aliexpress.com/item/-/32899754676.html|32899754676| 05 Jul 2019 07:51|width:100%;||
list index out of range 使用google翻译太频繁,停止爬虫60s
G***l| https://www.aliexpress.com/item/-/32899754676.html|32899754676| 05 Jul 2019 07:17|width:100%;|prima kwaliteit snel geleverd toppy.|
l***n| https://www.aliexpress.com/item/-/32950850475.html|32950850475| 05 Jul 2019 07:03|width:100%;||
H***n | https://www.aliexpress.com/item/-/32950850475.html|32950850475| 05 Jul 2019 06:34|width:100%;||
N***i| https://www.aliexpress.com/item/-/32874642353.html|32874642353| 05 Jul 2019 06:25|width:100%;||
list index out of range 使用google翻译太频繁,停止爬虫60s
M***w| https://www.aliexpress.com/item/-/32919126852.html|32919126852| 05 Jul 2019 04:27|width:100%;|Good product|
R***m| https://www.aliexpress.com/item/-/32909704204.html|32909704204| 05 Jul 2019 04:06|width:100%;||
list index out of range 使用google翻译太频繁,停止爬虫60s
P***r| https://www.aliexpress.com/item/-/32874642353.html|32874642353| 05 Jul 2019 03:39|width:100%;|O.K.|
list index out of range 使用google翻译太频繁,停止爬虫60s
P***n| https://www.aliexpress.com/item/-/32899754676.html|32899754676| 05 Jul 2019 02:57|width:20%;|Не рекомендую покупать. Совсем не держится на панели. Приходится дорабатывать самому. Приклеенная резинка дубовая как пластик. Продавец тянет время не идет на уступки.|
list index out of range 使用google翻译太频繁,停止爬虫60s
R***o| https://www.aliexpress.com/item/-/32874642353.html|32874642353| 05 Jul 2019 02:56|width:20%;|Não sustenta o iPad além de ter enviado o produto diferente!|
R***o| https://www.aliexpress.com/item/-/32895573402.html|32895573402| 05 Jul 2019 02:56|width:80%;||
d***d| https://www.aliexpress.com/item/-/32899754676.html|32899754676| 05 Jul 2019 02:52|width:80%;||
f***r| https://www.aliexpress.com/item/-/32874642353.html|32874642353| 05 Jul 2019 02:46|width:100%;||
H***s| https://www.aliexpress.com/item/-/32876951158.html|32876951158| 05 Jul 2019 01:57|width:80%;||
J***L| https://www.aliexpress.com/item/-/32899754676.html|32899754676| 05 Jul 2019 01:38|width:100%;||
v***v| https://www.aliexpress.com/item/-/32909704204.html|32909704204| 05 Jul 2019 01:06|width:100%;||
L***e| https://www.aliexpress.com/item/-/32874642353.html|32874642353| 05 Jul 2019 00:27|width:100%;||
list index out of range 使用google翻译太频繁,停止爬虫60s
d***i| https://www.aliexpress.com/item/-/32874642353.html|32874642353| 05 Jul 2019 00:23|width:80%;|Ok|
N***a| https://www.aliexpress.com/item/-/32919126852.html|32919126852| 05 Jul 2019 00:05|width:100%;||
V***r| https://www.aliexpress.com/item/-/32876951158.html|32876951158| 04 Jul 2019 23:55|width:100%;||
list index out of range 使用google翻译太频繁,停止爬虫60s
V***o| https://www.aliexpress.com/item/-/32911738915.html|32911738915| 04 Jul 2019 23:47|width:60%;|Как уже писал в первом отзыве, качество не лучшее, есть недоливы по форме, направляющие болтаются в пазах сильно, пружина уже звучит как уставшая и держит уверенно только большие формы. Сильное не соответствие планшета Самсунг и держателя.|
list index out of range 使用google翻译太频繁,停止爬虫60s
G***e| https://www.aliexpress.com/item/-/32919126852.html|32919126852| 04 Jul 2019 22:45|width:40%;|Average aund quality but ok for price. Will be buying higher quality one again|
y***v| https://www.aliexpress.com/item/-/32899754676.html|32899754676| 04 Jul 2019 22:03|width:100%;||
M***u| https://www.aliexpress.com/item/-/32899754676.html|32899754676| 04 Jul 2019 21:05|width:100%;||
list index out of range 使用google翻译太频繁,停止爬虫60s
J***a | https://www.aliexpress.com/item/-/32876951158.html|32876951158| 04 Jul 2019 20:16|width:100%;|Good!|
list index out of range 使用google翻译太频繁,停止爬虫60s
B***m| https://www.aliexpress.com/item/-/32856844088.html|32856844088| 04 Jul 2019 19:26|width:60%;|nice|
B***c| https://www.aliexpress.com/item/-/32990168748.html|32990168748| 04 Jul 2019 15:27|width:100%;||
N***i| https://www.aliexpress.com/item/-/32919126852.html|32919126852| 04 Jul 2019 13:45|width:100%;||
E***v| https://www.aliexpress.com/item/-/33018170507.html|33018170507| 04 Jul 2019 13:25|width:100%;||
list index out of range 使用google翻译太频繁,停止爬虫60s
R***a| https://www.aliexpress.com/item/-/32899754676.html|32899754676| 04 Jul 2019 13:09|width:20%;|The product came with scratches, it seemed to have already been used.|
F***n| https://www.aliexpress.com/item/-/32876951158.html|32876951158| 04 Jul 2019 13:00|width:80%;||
B***i| https://www.aliexpress.com/item/-/32909704204.html|32909704204| 04 Jul 2019 11:50|width:100%;||
E***a| https://www.aliexpress.com/item/-/32970973907.html|32970973907| 04 Jul 2019 11:41|width:100%;||
W***n | https://www.aliexpress.com/item/-/32899754676.html|32899754676| 04 Jul 2019 11:39|width:100%;||
D***u| https://www.aliexpress.com/item/-/32899754676.html|32899754676| 04 Jul 2019 11:20|width:100%;||
R***l | https://www.aliexpress.com/item/-/32899754676.html|32899754676| 04 Jul 2019 11:06|width:80%;||
R***v| https://www.aliexpress.com/item/-/32899754676.html|32899754676| 04 Jul 2019 10:14|width:100%;||
W***m | https://www.aliexpress.com/item/-/32876951158.html|32876951158| 04 Jul 2019 09:41|width:80%;||
list index out of range 使用google翻译太频繁,停止爬虫60s
V***v| https://www.aliexpress.com/item/-/32874642353.html|32874642353| 04 Jul 2019 09:19|width:100%;|всё работает,спасибо|
list index out of range 使用google翻译太频繁,停止爬虫60s
V***v| https://www.aliexpress.com/item/-/32919126852.html|32919126852| 04 Jul 2019 09:16|width:60%;|Посылку доставили где-то за месяц, все работает только при прослушивании музыки присутствуют посторонние шумы, которые очень портят качество звучания(((|
S***l| https://www.aliexpress.com/item/-/32899754676.html|32899754676| 04 Jul 2019 08:08|width:100%;||
N***a| https://www.aliexpress.com/item/-/32909704204.html|32909704204| 04 Jul 2019 07:05|width:100%;||
A***v| https://www.aliexpress.com/item/-/32874642353.html|32874642353| 04 Jul 2019 06:26|width:100%;||
A***v| https://www.aliexpress.com/item/-/32874642353.html|32874642353| 04 Jul 2019 06:26|width:100%;||
H***i| https://www.aliexpress.com/item/-/32970388345.html|32970388345| 04 Jul 2019 05:54|width:100%;||
list index out of range 使用google翻译太频繁,停止爬虫60s
S***S| https://www.aliexpress.com/item/-/32899754676.html|32899754676| 04 Jul 2019 05:46|width:100%;|quality was good|
B***i| https://www.aliexpress.com/item/-/32874642353.html|32874642353| 04 Jul 2019 05:34|width:100%;||
i***a | https://www.aliexpress.com/item/-/32899754676.html|32899754676| 04 Jul 2019 05:30|width:100%;||
A***s | https://www.aliexpress.com/item/-/32874642353.html|32874642353| 04 Jul 2019 05:23|width:100%;||
V***e | https://www.aliexpress.com/item/-/32919126852.html|32919126852| 04 Jul 2019 02:17|width:100%;||
L***s| https://www.aliexpress.com/item/-/32856844088.html|32856844088| 04 Jul 2019 02:01|width:80%;||
list index out of range 使用google翻译太频繁,停止爬虫60s
f***o| https://www.aliexpress.com/item/-/32899754676.html|32899754676| 04 Jul 2019 00:59|width:100%;|Good product, at a fair price|
C***s| https://www.aliexpress.com/item/-/32899754676.html|32899754676| 04 Jul 2019 00:38|width:100%;||
M***o| https://www.aliexpress.com/item/-/32899754676.html|32899754676| 04 Jul 2019 00:21|width:100%;||
list index out of range 使用google翻译太频繁,停止爬虫60s
l***s| https://www.aliexpress.com/item/-/32876951158.html|32876951158| 04 Jul 2019 00:05|width:20%;|both of the holders we ordered broke upon first use. very bad quality. the screw barely worked too|
R***k | https://www.aliexpress.com/item/-/32899754676.html|32899754676| 04 Jul 2019 00:00|width:100%;||
list index out of range 使用google翻译太频繁,停止爬虫60s
M***i| https://www.aliexpress.com/item/-/32899754676.html|32899754676| 04 Jul 2019 00:00|width:100%;|Refound, thanks, package missed|
list index out of range 使用google翻译太频繁,停止爬虫60s
t***s| https://www.aliexpress.com/item/-/32856844088.html|32856844088| 03 Jul 2019 23:27|width:100%;|vendedor bueno|
list index out of range 使用google翻译太频繁,停止爬虫60s
Y***k| https://www.aliexpress.com/item/-/32899754676.html|32899754676| 03 Jul 2019 23:25|width:100%;|Штука прикольная, держалочки прорезинены. По размеру вроде как даже впихивается мой mi max 2, а он 5.5". Единственное, на ваз десятку на старую панель не подошла, потому что форма панели немного мутная... А так на ровную панель прям шикарно должна встать)|
list index out of range 使用google翻译太频繁,停止爬虫60s
E***n | https://www.aliexpress.com/item/-/32899754676.html|32899754676| 03 Jul 2019 23:07|width:60%;|Didn’t come|
list index out of range 使用google翻译太频繁,停止爬虫60s
A***v| https://www.aliexpress.com/item/-/32970388345.html|32970388345| 03 Jul 2019 23:04|width:100%;|Спасибо, работает хорошо!|
S***r| https://www.aliexpress.com/item/-/32919126852.html|32919126852| 03 Jul 2019 21:49|width:80%;||
Z***i| https://www.aliexpress.com/item/-/32899754676.html|32899754676| 03 Jul 2019 21:46|width:100%;||
list index out of range 使用google翻译太频繁,停止爬虫60s
H***l| https://www.aliexpress.com/item/-/32926097679.html|32926097679| 03 Jul 2019 21:41|width:100%;|Надійшло за 3 неділі. гарно запаковано, все ціле, відповідає опису. гарно установлюється, телефон тримає відмінно. рекомендую продавця та товар.|
O***.| https://www.aliexpress.com/item/-/32950850475.html|32950850475| 03 Jul 2019 21:11|width:80%;||
list index out of range 使用google翻译太频繁,停止爬虫60s
d***e| https://www.aliexpress.com/item/-/33015491410.html|33015491410| 03 Jul 2019 20:48|width:80%;|Dans l'ensemble bonne caméra.|
P***r| https://www.aliexpress.com/item/-/32856844088.html|32856844088| 03 Jul 2019 18:04|width:100%;||
list index out of range 使用google翻译太频繁,停止爬虫60s
E***c| https://www.aliexpress.com/item/-/33012572197.html|33012572197| 03 Jul 2019 15:42|width:100%;|Me encanta ! Tiene buena calidad y lo he recibido súper rápido|
list index out of range 使用google翻译太频繁,停止爬虫60s
M***n| https://www.aliexpress.com/item/-/32990168748.html|32990168748| 03 Jul 2019 15:37|width:80%;|Works fine. Please note that the item is plastic. I expected it to be metal. No problem.|
list index out of range 使用google翻译太频繁,停止爬虫60s
M***o| https://www.aliexpress.com/item/-/32899754676.html|32899754676| 03 Jul 2019 14:10|width:40%;|El producto no es de buena calidad, cuesta trabajo que el celular caiga en su lugar y ademas el clip se cierra solo sin poder ser colocado el tablero de mi dodge Neon 2005. No me sirvió para nada|
S***i | https://www.aliexpress.com/item/-/32899754676.html|32899754676| 03 Jul 2019 13:46|width:100%;||
P***k| https://www.aliexpress.com/item/-/32874642353.html|32874642353| 03 Jul 2019 13:44|width:80%;||
a***s| https://www.aliexpress.com/item/-/32899754676.html|32899754676| 03 Jul 2019 13:34|width:80%;||
O***v| https://www.aliexpress.com/item/-/32874642353.html|32874642353| 03 Jul 2019 12:51|width:100%;||
U***v| https://www.aliexpress.com/item/-/32874642353.html|32874642353| 03 Jul 2019 12:46|width:100%;||
D***a| https://www.aliexpress.com/item/-/32899754676.html|32899754676| 03 Jul 2019 12:31|width:100%;||
s***u| https://www.aliexpress.com/item/-/32919126852.html|32919126852| 03 Jul 2019 11:56|width:80%;||
list index out of range 使用google翻译太频繁,停止爬虫60s
J***a | https://www.aliexpress.com/item/-/32876951158.html|32876951158| 03 Jul 2019 11:50|width:100%;|В Ярославль шло долго 42 дня.|
H***n | https://www.aliexpress.com/item/-/32899754676.html|32899754676| 03 Jul 2019 11:34|width:100%;||
H***p | https://www.aliexpress.com/item/-/32874642353.html|32874642353| 03 Jul 2019 11:12|width:80%;||
J***k| https://www.aliexpress.com/item/-/32899754676.html|32899754676| 03 Jul 2019 10:37|width:100%;||
D***c| https://www.aliexpress.com/item/-/32899754676.html|32899754676| 03 Jul 2019 10:33|width:100%;||
G***r| https://www.aliexpress.com/item/-/32950850475.html|32950850475| 03 Jul 2019 10:08|width:80%;||
S***d| https://www.aliexpress.com/item/-/32899754676.html|32899754676| 03 Jul 2019 10:08|width:100%;||
P***o | https://www.aliexpress.com/item/-/32874642353.html|32874642353| 03 Jul 2019 10:00|width:100%;||
list index out of range 使用google翻译太频繁,停止爬虫60s
J***s| https://www.aliexpress.com/item/-/32856844088.html|32856844088| 03 Jul 2019 09:37|width:100%;|Great|
E***s | https://www.aliexpress.com/item/-/32876951158.html|32876951158| 03 Jul 2019 09:29|width:100%;||
E***s | https://www.aliexpress.com/item/-/32876951158.html|32876951158| 03 Jul 2019 09:29|width:100%;||
M***a| https://www.aliexpress.com/item/-/33006655957.html|33006655957| 03 Jul 2019 09:14|width:80%;||
I***i| https://www.aliexpress.com/item/-/32876951158.html|32876951158| 03 Jul 2019 09:05|width:80%;||
T***k| https://www.aliexpress.com/item/-/32874642353.html|32874642353| 03 Jul 2019 08:50|width:100%;||
D***a| https://www.aliexpress.com/item/-/32856844088.html|32856844088| 03 Jul 2019 08:24|width:100%;||
list index out of range 使用google翻译太频繁,停止爬虫60s
s***n| https://www.aliexpress.com/item/-/32876951158.html|32876951158| 03 Jul 2019 07:54|width:100%;|top product|
A***a| https://www.aliexpress.com/item/-/32874642353.html|32874642353| 03 Jul 2019 07:41|width:80%;||
d***d| https://www.aliexpress.com/item/-/33012572197.html|33012572197| 03 Jul 2019 07:40|width:100%;||
list index out of range 使用google翻译太频繁,停止爬虫60s
A***n| https://www.aliexpress.com/item/-/32899754676.html|32899754676| 03 Jul 2019 06:41|width:100%;|Fin handel så +++++++++++++++ her fra|
list index out of range 使用google翻译太频繁,停止爬虫60s
O***o| https://www.aliexpress.com/item/-/32950850475.html|32950850475| 03 Jul 2019 05:57|width:100%;|Супер|
J***y| https://www.aliexpress.com/item/-/32899754676.html|32899754676| 03 Jul 2019 05:47|width:100%;||
a***a| https://www.aliexpress.com/item/-/32950850475.html|32950850475| 03 Jul 2019 05:43|width:100%;||
L***l | https://www.aliexpress.com/item/-/32856844088.html|32856844088| 03 Jul 2019 04:02|width:80%;||
J***k| https://www.aliexpress.com/item/-/32899754676.html|32899754676| 03 Jul 2019 03:32|width:100%;||
R***s| https://www.aliexpress.com/item/-/32899754676.html|32899754676| 03 Jul 2019 03:31|width:100%;||
list index out of range 使用google翻译太频繁,停止爬虫60s
B***s| https://www.aliexpress.com/item/-/32899754676.html|32899754676| 03 Jul 2019 03:07|width:100%;|Thank You! :)|
L***f| https://www.aliexpress.com/item/-/32874642353.html|32874642353| 03 Jul 2019 02:41|width:100%;||
list index out of range 使用google翻译太频繁,停止爬虫60s
p***p| https://www.aliexpress.com/item/-/32874642353.html|32874642353| 03 Jul 2019 02:40|width:100%;|Отличная подставка|
list index out of range 使用google翻译太频繁,停止爬虫60s
V***c| https://www.aliexpress.com/item/-/32876951158.html|32876951158| 03 Jul 2019 02:31|width:100%;|Exellent|
W***l | https://www.aliexpress.com/item/-/32899754676.html|32899754676| 03 Jul 2019 02:18|width:100%;||
I***i| https://www.aliexpress.com/item/-/32876951158.html|32876951158| 03 Jul 2019 02:12|width:100%;||
list index out of range 使用google翻译太频繁,停止爬虫60s
G***L| https://www.aliexpress.com/item/-/32899754676.html|32899754676| 03 Jul 2019 01:32|width:100%;|as described|
list index out of range 使用google翻译太频繁,停止爬虫60s
d***d| https://www.aliexpress.com/item/-/32899754676.html|32899754676| 03 Jul 2019 00:50|width:100%;|Денег своих стоит, пришло всё целое и быстро|
E***z| https://www.aliexpress.com/item/-/32917722489.html|32917722489| 03 Jul 2019 00:16|width:100%;||
R***v| https://www.aliexpress.com/item/-/32874642353.html|32874642353| 02 Jul 2019 23:43|width:100%;||
R***v| https://www.aliexpress.com/item/-/32923859223.html|32923859223| 02 Jul 2019 23:42|width:100%;||
list index out of range 使用google翻译太频繁,停止爬虫60s
I***V| https://www.aliexpress.com/item/-/32876951158.html|32876951158| 02 Jul 2019 23:39|width:60%;|Die Lieferungszeit war in Ordnung. Verpackung ebenfalls in Ordnung. Zu dem Produkt kann ich leider nichts positives schreiben, da die Qualität dem Preis entspricht. Also für Spottpreis darf man sich nichts erwarten. Kommunikation: keine, da von Bestellung bis Lieferung alles ok war.|
g***r| https://www.aliexpress.com/item/-/32919126852.html|32919126852| 02 Jul 2019 22:15|width:100%;||
list index out of range 使用google翻译太频繁,停止爬虫60s
S***n| https://www.aliexpress.com/item/-/32919126852.html|32919126852| 02 Jul 2019 22:04|width:100%;|за свою цену товар превосходит все ожидания. с телефоном связывается сразу и без проблем. радиосигнал без помех, функцию зарядки пока не проверял. очень доволен приобретением. посмотрим сколько проработает.|
A***l| https://www.aliexpress.com/item/-/32899754676.html|32899754676| 02 Jul 2019 22:02|width:100%;||
W***i| https://www.aliexpress.com/item/-/33012572197.html|33012572197| 02 Jul 2019 21:55|width:100%;||
V***a | https://www.aliexpress.com/item/-/32874642353.html|32874642353| 02 Jul 2019 18:03|width:100%;||
A***v | https://www.aliexpress.com/item/-/32950850475.html|32950850475| 02 Jul 2019 18:00|width:100%;||
A***v| https://www.aliexpress.com/item/-/32950850475.html|32950850475| 02 Jul 2019 17:15|width:100%;||
B***y| https://www.aliexpress.com/item/-/32899754676.html|32899754676| 02 Jul 2019 16:47|width:100%;||
W***e| https://www.aliexpress.com/item/-/32899754676.html|32899754676| 02 Jul 2019 15:54|width:100%;||
list index out of range 使用google翻译太频繁,停止爬虫60s
D***v| https://www.aliexpress.com/item/-/32950850475.html|32950850475| 02 Jul 2019 14:22|width:80%;|Отсутствует стандартная магнитная сцепка между сгибающимися частями. Стоит не очень надежно.|
J***y| https://www.aliexpress.com/item/-/32876951158.html|32876951158| 02 Jul 2019 13:47|width:100%;||
J***y| https://www.aliexpress.com/item/-/32876951158.html|32876951158| 02 Jul 2019 13:47|width:100%;||
J***y| https://www.aliexpress.com/item/-/32876951158.html|32876951158| 02 Jul 2019 13:47|width:100%;||
J***y| https://www.aliexpress.com/item/-/32876951158.html|32876951158| 02 Jul 2019 13:47|width:100%;||
list index out of range 使用google翻译太频繁,停止爬虫60s
s***z| https://www.aliexpress.com/item/-/32923859223.html|32923859223| 02 Jul 2019 13:18|width:100%;|de momento funciona muy bien estoy contento con la compra,y no se calienta nada esta 12 horas al día conectado|
V***o| https://www.aliexpress.com/item/-/32899754676.html|32899754676| 02 Jul 2019 13:10|width:100%;||
list index out of range 使用google翻译太频繁,停止爬虫60s
J***o| https://www.aliexpress.com/item/-/32874642353.html|32874642353| 02 Jul 2019 13:06|width:100%;|доставка от 2до 3 недель.Визуально все ОК.еще не установили,главное вовремя прибыл держатель,как раз едим в отпуск на машине.Вроде крепкий.|
U***r | https://www.aliexpress.com/item/-/32856617913.html|32856617913| 02 Jul 2019 12:24|width:100%;||
Y***v| https://www.aliexpress.com/item/-/32876951158.html|32876951158| 02 Jul 2019 12:16|width:80%;||
c***c| https://www.aliexpress.com/item/-/32960780064.html|32960780064| 02 Jul 2019 11:14|width:100%;||
K***a| https://www.aliexpress.com/item/-/32874642353.html|32874642353| 02 Jul 2019 11:04|width:100%;||
B***e | https://www.aliexpress.com/item/-/32876951158.html|32876951158| 02 Jul 2019 10:58|width:100%;||
M***n| https://www.aliexpress.com/item/-/32874642353.html|32874642353| 02 Jul 2019 10:49|width:100%;||
list index out of range 使用google翻译太频繁,停止爬虫60s
t***n| https://www.aliexpress.com/item/-/32874642353.html|32874642353| 02 Jul 2019 10:44|width:100%;|מעולה לאוטו לנסיעות|
list index out of range 使用google翻译太频繁,停止爬虫60s
t***t| https://www.aliexpress.com/item/-/32874642353.html|32874642353| 02 Jul 2019 10:43|width:100%;|ok|
list index out of range 使用google翻译太频繁,停止爬虫60s
T***m| https://www.aliexpress.com/item/-/32856844088.html|32856844088| 02 Jul 2019 10:35|width:20%;|Fiat 500 kan het nergens aan vastgezet worden|
list index out of range 使用google翻译太频繁,停止爬虫60s
E***v| https://www.aliexpress.com/item/-/32876951158.html|32876951158| 02 Jul 2019 10:14|width:60%;|Доставка до МО 27 дней. Качество хлипкое. Все дребезжит. Раздвигается до довольно больших размеров. Проверим на сколько хвалит.|
d***n| https://www.aliexpress.com/item/-/32911738915.html|32911738915| 02 Jul 2019 10:11|width:100%;||
v***f | https://www.aliexpress.com/item/-/32899754676.html|32899754676| 02 Jul 2019 08:41|width:100%;||
list index out of range 使用google翻译太频繁,停止爬虫60s
K***s| https://www.aliexpress.com/item/-/32899754676.html|32899754676| 02 Jul 2019 08:38|width:100%;|All ok !|
B***r | https://www.aliexpress.com/item/-/32899754676.html|32899754676| 02 Jul 2019 08:19|width:80%;||
N***o| https://www.aliexpress.com/item/-/32899754676.html|32899754676| 02 Jul 2019 07:34|width:80%;||
S***N| https://www.aliexpress.com/item/-/32990168748.html|32990168748| 02 Jul 2019 07:29|width:100%;||
list index out of range 使用google翻译太频繁,停止爬虫60s
M***a| https://www.aliexpress.com/item/-/32926097679.html|32926097679| 02 Jul 2019 07:09|width:100%;|Przydatne i wygodne. Polecam.|
R***p| https://www.aliexpress.com/item/-/32899754676.html|32899754676| 02 Jul 2019 07:02|width:100%;||
J***t| https://www.aliexpress.com/item/-/32856844088.html|32856844088| 02 Jul 2019 06:41|width:80%;||
G***s| https://www.aliexpress.com/item/-/32876951158.html|32876951158| 02 Jul 2019 05:22|width:100%;||
K***t| https://www.aliexpress.com/item/-/32899754676.html|32899754676| 02 Jul 2019 05:20|width:100%;||
list index out of range 使用google翻译太频繁,停止爬虫60s
I***i| https://www.aliexpress.com/item/-/32876951158.html|32876951158| 02 Jul 2019 05:10|width:20%;|המוצר הגיע שבור|
F***a| https://www.aliexpress.com/item/-/32876951158.html|32876951158| 02 Jul 2019 05:03|width:80%;||
a***i| https://www.aliexpress.com/item/-/32899754676.html|32899754676| 02 Jul 2019 03:38|width:100%;||
list index out of range 使用google翻译太频繁,停止爬虫60s
v***s| https://www.aliexpress.com/item/-/32876951158.html|32876951158| 02 Jul 2019 03:37|width:100%;|Очень хорошая штука. Советую!|
list index out of range 使用google翻译太频繁,停止爬虫60s
N***d| https://www.aliexpress.com/item/-/32899754676.html|32899754676| 02 Jul 2019 03:29|width:40%;|الاصق غير جيد De sticker is niet goed|
m***a| https://www.aliexpress.com/item/-/32874642353.html|32874642353| 02 Jul 2019 03:21|width:100%;||
list index out of range 使用google翻译太频繁,停止爬虫60s
d***s| https://www.aliexpress.com/item/-/32950850475.html|32950850475| 02 Jul 2019 03:09|width:100%;|Super fast shipping,very good case.recommended 100%|
list index out of range 使用google翻译太频繁,停止爬虫60s
f***r| https://www.aliexpress.com/item/-/32952623117.html|32952623117| 02 Jul 2019 02:32|width:100%;|Доставили быстро. Товар соответствует описанию. Ipad6 не вставляется. (|
list index out of range 使用google翻译太频繁,停止爬虫60s
p***k| https://www.aliexpress.com/item/-/32899754676.html|32899754676| 02 Jul 2019 02:30|width:100%;|good!|
k***k| https://www.aliexpress.com/item/-/32874642353.html|32874642353| 02 Jul 2019 01:36|width:100%;||
S***v| https://www.aliexpress.com/item/-/32874642353.html|32874642353| 02 Jul 2019 01:27|width:100%;||
list index out of range 使用google翻译太频繁,停止爬虫60s
Y***H| https://www.aliexpress.com/item/-/32899754676.html|32899754676| 02 Jul 2019 01:18|width:100%;|GOOD QUALITY AND GOOD SELLER|
list index out of range 使用google翻译太频繁,停止爬虫60s
P***o| https://www.aliexpress.com/item/-/32876951158.html|32876951158| 02 Jul 2019 00:46|width:60%;|It came intact, very well packed. But the thing itself is not very well crafted. It might be more suitable for a bicycle, not a motorcycle. It almost came apart and at one point or stopped working. I took it off, I will be looking for something different. Not worth it!|
A***n | https://www.aliexpress.com/item/-/32919126852.html|32919126852| 02 Jul 2019 00:36|width:100%;||
v***s | https://www.aliexpress.com/item/-/32899754676.html|32899754676| 02 Jul 2019 00:22|width:100%;||
L***c| https://www.aliexpress.com/item/-/32856844088.html|32856844088| 02 Jul 2019 00:19|width:100%;||
O***v| https://www.aliexpress.com/item/-/32909704204.html|32909704204| 01 Jul 2019 21:38|width:100%;||
list index out of range 使用google翻译太频繁,停止爬虫60s
S***v| https://www.aliexpress.com/item/-/32926097679.html|32926097679| 01 Jul 2019 19:39|width:100%;|удобный, держит надёжно|
R***r| https://www.aliexpress.com/item/-/32856844088.html|32856844088| 01 Jul 2019 19:25|width:100%;||
邮件发送成功
