list index out of range 使用google翻译太频繁,停止爬虫60s
A***v| https://www.aliexpress.com/item/-/32899754676.html|32899754676| 30 Jun 2019 10:29|width:60%;|Отсутствует резиновая накладка на зажиме держателя. Что позволяет, подставке под телефон, скользить и сваливаться с приборной панели автомобиля. Отсутствие важной детали хорошо видно, при сравнении, рекламного постера и моих фотографий. Придется самому доработать девайс.|
list index out of range 使用google翻译太频繁,停止爬虫60s
A***v| https://www.aliexpress.com/item/-/32856844088.html|32856844088| 30 Jun 2019 10:29|width:60%;|Отсутствует резиновая накладка на зажиме держателя. Что позволяет, подставке под телефон, скользить и сваливаться с приборной панели автомобиля. Отсутствие важной детали хорошо видно, при сравнении, рекламного постера и моих фотографий. Придется самому доработать девайс.|
list index out of range 使用google翻译太频繁,停止爬虫60s
S***h| https://www.aliexpress.com/item/-/32874642353.html|32874642353| 30 Jun 2019 10:17|width:100%;|Отлично, всё держит, всё крутитсо, вертится, за эти деньги супер|
M***n| https://www.aliexpress.com/item/-/32899754676.html|32899754676| 30 Jun 2019 10:14|width:80%;||
M***n| https://www.aliexpress.com/item/-/32899754676.html|32899754676| 30 Jun 2019 10:11|width:100%;||
m***a| https://www.aliexpress.com/item/-/32876951158.html|32876951158| 30 Jun 2019 09:14|width:80%;||
list index out of range 使用google翻译太频繁,停止爬虫60s
M***k| https://www.aliexpress.com/item/-/32856844088.html|32856844088| 30 Jun 2019 08:59|width:80%;|produkt przyszedł cały, niezbyt dobrze pasuje do mojego deski w samochodzie.|
list index out of range 使用google翻译太频繁,停止爬虫60s
r***r| https://www.aliexpress.com/item/-/32909704204.html|32909704204| 30 Jun 2019 06:45|width:100%;|as like as discribed|
g***r| https://www.aliexpress.com/item/-/32874642353.html|32874642353| 30 Jun 2019 05:54|width:100%;||
list index out of range 使用google翻译太频繁,停止爬虫60s
E***s| https://www.aliexpress.com/item/-/32876951158.html|32876951158| 30 Jun 2019 05:24|width:60%;|Geeft geen reëel beeld van het daadwerkelijke artikel.|
list index out of range 使用google翻译太频繁,停止爬虫60s
E***s| https://www.aliexpress.com/item/-/32876951158.html|32876951158| 30 Jun 2019 05:24|width:60%;|Geeft geen reëel beeld van het daadwerkelijke artikel.|
A***v| https://www.aliexpress.com/item/-/32919126852.html|32919126852| 30 Jun 2019 05:09|width:100%;||
c***a| https://www.aliexpress.com/item/-/32899754676.html|32899754676| 30 Jun 2019 04:49|width:100%;||
f***m| https://www.aliexpress.com/item/-/32899754676.html|32899754676| 30 Jun 2019 04:40|width:100%;||
list index out of range 使用google翻译太频繁,停止爬虫60s
M***k| https://www.aliexpress.com/item/-/32874642353.html|32874642353| 30 Jun 2019 03:40|width:100%;|good Basic holder|
O***n | https://www.aliexpress.com/item/-/32874642353.html|32874642353| 30 Jun 2019 03:36|width:100%;||
B***n| https://www.aliexpress.com/item/-/32899754676.html|32899754676| 30 Jun 2019 03:29|width:80%;||
M***k | https://www.aliexpress.com/item/-/32899754676.html|32899754676| 30 Jun 2019 02:42|width:100%;||
list index out of range 使用google翻译太频繁,停止爬虫60s
M***e| https://www.aliexpress.com/item/-/32874642353.html|32874642353| 30 Jun 2019 00:37|width:100%;|Esta bien|
R***k| https://www.aliexpress.com/item/-/32919126852.html|32919126852| 29 Jun 2019 23:44|width:100%;||
R***o| https://www.aliexpress.com/item/-/32899754676.html|32899754676| 29 Jun 2019 21:03|width:100%;||
list index out of range 使用google翻译太频繁,停止爬虫60s
K***v| https://www.aliexpress.com/item/-/32950850475.html|32950850475| 29 Jun 2019 20:41|width:80%;|доставлено прогнутым. Короче надо пойти и купить, больше не стану заказывать|
G***Z| https://www.aliexpress.com/item/-/32856844088.html|32856844088| 29 Jun 2019 19:06|width:100%;||
A***n| https://www.aliexpress.com/item/-/32911738915.html|32911738915| 29 Jun 2019 17:38|width:100%;||
list index out of range 使用google翻译太频繁,停止爬虫60s
C***m| https://www.aliexpress.com/item/-/32856844088.html|32856844088| 29 Jun 2019 16:04|width:100%;|goed product .|
S***a | https://www.aliexpress.com/item/-/32856844088.html|32856844088| 29 Jun 2019 14:44|width:100%;||
list index out of range 使用google翻译太频繁,停止爬虫60s
R***k| https://www.aliexpress.com/item/-/33006655957.html|33006655957| 29 Jun 2019 14:43|width:60%;|Valt enorm tegen. Heb het idee dat het dashboard wordt ingedeukt door de kracht van de klem.|
a***p| https://www.aliexpress.com/item/-/32876951158.html|32876951158| 29 Jun 2019 14:17|width:100%;||
a***n| https://www.aliexpress.com/item/-/32899754676.html|32899754676| 29 Jun 2019 13:53|width:100%;||
d***d| https://www.aliexpress.com/item/-/32874642353.html|32874642353| 29 Jun 2019 12:08|width:100%;||
list index out of range 使用google翻译太频繁,停止爬虫60s
C***D| https://www.aliexpress.com/item/-/32899754676.html|32899754676| 29 Jun 2019 12:00|width:100%;|tout est parfait , c'est bien ce que j'ai commandé , merci|
list index out of range 使用google翻译太频繁,停止爬虫60s
I***s| https://www.aliexpress.com/item/-/32874642353.html|32874642353| 29 Jun 2019 10:42|width:100%;|Посылка пришла в Днепр в упаковке пупырка, все исправное, крепление на вид надёжное.|
list index out of range 使用google翻译太频繁,停止爬虫60s
Z***y | https://www.aliexpress.com/item/-/32899754676.html|32899754676| 29 Jun 2019 10:39|width:100%;|Thank you! It’s perfect, even the shipping was just like 2 weeks. :)|
list index out of range 使用google翻译太频繁,停止爬虫60s
R***n| https://www.aliexpress.com/item/-/32899754676.html|32899754676| 29 Jun 2019 08:38|width:100%;|Хороший держатель , мне понравился .|
list index out of range 使用google翻译太频繁,停止爬虫60s
Z***k| https://www.aliexpress.com/item/-/32899754676.html|32899754676| 29 Jun 2019 08:04|width:100%;|Seller ok|
C***i| https://www.aliexpress.com/item/-/32899754676.html|32899754676| 29 Jun 2019 07:03|width:100%;||
list index out of range 使用google翻译太频繁,停止爬虫60s
T***e| https://www.aliexpress.com/item/-/32899754676.html|32899754676| 29 Jun 2019 06:52|width:100%;|holds up really good this will definitely come in handy|
list index out of range 使用google翻译太频繁,停止爬虫60s
N***g| https://www.aliexpress.com/item/-/32874642353.html|32874642353| 29 Jun 2019 06:36|width:100%;|Very good|
list index out of range 使用google翻译太频繁,停止爬虫60s
R***v| https://www.aliexpress.com/item/-/32899754676.html|32899754676| 29 Jun 2019 06:01|width:60%;|не отслеживается по России.слишком долго идет.|
A***a| https://www.aliexpress.com/item/-/32909704204.html|32909704204| 29 Jun 2019 05:55|width:100%;||
list index out of range 使用google翻译太频繁,停止爬虫60s
H***E| https://www.aliexpress.com/item/-/32919126852.html|32919126852| 29 Jun 2019 05:46|width:100%;|El producto es exactamente igual que en la foto, cuando yo lo probé en mi coche no me funciono pero eso no quiere decir que no funcione.|
M***m| https://www.aliexpress.com/item/-/32899754676.html|32899754676| 29 Jun 2019 04:54|width:100%;||
M***m| https://www.aliexpress.com/item/-/32899754676.html|32899754676| 29 Jun 2019 04:48|width:100%;||
A***r| https://www.aliexpress.com/item/-/32899754676.html|32899754676| 29 Jun 2019 04:46|width:100%;||
list index out of range 使用google翻译太频繁,停止爬虫60s
V***s| https://www.aliexpress.com/item/-/32899754676.html|32899754676| 29 Jun 2019 04:32|width:100%;|Thanks! Everything works fine!|
O***a | https://www.aliexpress.com/item/-/32874642353.html|32874642353| 29 Jun 2019 04:11|width:100%;||
list index out of range 使用google翻译太频繁,停止爬虫60s
N***a| https://www.aliexpress.com/item/-/32909704204.html|32909704204| 29 Jun 2019 04:03|width:100%;|доставка 12 дней до Свердловской области, трек отслеживался, на вид хлипковатая конструкция, планшет держит как-будто не крепко, как будет держать в дороге ещё не проверяли, соответствует фото|
list index out of range 使用google翻译太频繁,停止爬虫60s
N***a| https://www.aliexpress.com/item/-/32876951158.html|32876951158| 29 Jun 2019 04:03|width:100%;|доставка 12 дней до Свердловской области, трек отслеживался, на вид хлипковатая конструкция, соответствует описанию и фото, ещё не проверяли как будет держаться телефон,|
M***i| https://www.aliexpress.com/item/-/32911738915.html|32911738915| 29 Jun 2019 03:59|width:100%;||
T***c| https://www.aliexpress.com/item/-/32919126852.html|32919126852| 29 Jun 2019 03:56|width:100%;||
R***a | https://www.aliexpress.com/item/-/32856844088.html|32856844088| 29 Jun 2019 03:50|width:100%;||
p***n| https://www.aliexpress.com/item/-/32926097679.html|32926097679| 29 Jun 2019 03:20|width:100%;||
R***v| https://www.aliexpress.com/item/-/32899754676.html|32899754676| 29 Jun 2019 03:02|width:80%;||
N***a| https://www.aliexpress.com/item/-/32923859223.html|32923859223| 29 Jun 2019 02:40|width:80%;||
list index out of range 使用google翻译太频繁,停止爬虫60s
S***v | https://www.aliexpress.com/item/-/32950850475.html|32950850475| 29 Jun 2019 01:59|width:100%;|Ok|
list index out of range 使用google翻译太频繁,停止爬虫60s
P***e| https://www.aliexpress.com/item/-/32899754676.html|32899754676| 29 Jun 2019 01:05|width:100%;|Arrivato con molto anticipo. buon prodotto. consigliato|
A***A | https://www.aliexpress.com/item/-/32950850475.html|32950850475| 29 Jun 2019 01:02|width:100%;||
list index out of range 使用google翻译太频繁,停止爬虫60s
v***r| https://www.aliexpress.com/item/-/32899754676.html|32899754676| 29 Jun 2019 00:35|width:100%;|товар прибыл достаточно быстро, 12 дней и уже на почте. соответсвует описанию. на приборной панели держится хорошо. телефон держит крепко. немного пахнет пластиком, но думаю это временно.|
A***h| https://www.aliexpress.com/item/-/32876951158.html|32876951158| 29 Jun 2019 00:26|width:100%;||
F***i| https://www.aliexpress.com/item/-/32899754676.html|32899754676| 29 Jun 2019 00:12|width:80%;||
list index out of range 使用google翻译太频繁,停止爬虫60s
P***n| https://www.aliexpress.com/item/-/32919126852.html|32919126852| 28 Jun 2019 23:03|width:100%;|отлично работает)))|
list index out of range 使用google翻译太频繁,停止爬虫60s
S***v | https://www.aliexpress.com/item/-/32899754676.html|32899754676| 28 Jun 2019 23:03|width:100%;|Хорошая держала. На панели держится, поворачивается. Качество хорошее|
O***n| https://www.aliexpress.com/item/-/32926097679.html|32926097679| 28 Jun 2019 16:36|width:100%;||
list index out of range 使用google翻译太频繁,停止爬虫60s
N***s| https://www.aliexpress.com/item/-/32874642353.html|32874642353| 28 Jun 2019 16:11|width:60%;|Only photos of 1 support|
I***v | https://www.aliexpress.com/item/-/32874642353.html|32874642353| 28 Jun 2019 12:22|width:100%;||
list index out of range 使用google翻译太频繁,停止爬虫60s
M***r| https://www.aliexpress.com/item/-/32874642353.html|32874642353| 28 Jun 2019 12:06|width:100%;|Прекрасный держатель. Планшет 10,1 держит на ура.|
g***n| https://www.aliexpress.com/item/-/32926097679.html|32926097679| 28 Jun 2019 11:30|width:100%;||
h***n| https://www.aliexpress.com/item/-/32874642353.html|32874642353| 28 Jun 2019 11:12|width:100%;||
R***s| https://www.aliexpress.com/item/-/32870526812.html|32870526812| 28 Jun 2019 10:50|width:100%;||
I***c| https://www.aliexpress.com/item/-/32856844088.html|32856844088| 28 Jun 2019 10:49|width:100%;||
P***t| https://www.aliexpress.com/item/-/33030605158.html|33030605158| 28 Jun 2019 10:47|width:80%;||
j***s| https://www.aliexpress.com/item/-/32874642353.html|32874642353| 28 Jun 2019 10:44|width:100%;||
list index out of range 使用google翻译太频繁,停止爬虫60s
H***n| https://www.aliexpress.com/item/-/32950850475.html|32950850475| 28 Jun 2019 10:20|width:100%;|Sehr schön und passt hervorragend.sehr zu empfehlen|
list index out of range 使用google翻译太频繁,停止爬虫60s
E***a| https://www.aliexpress.com/item/-/32899754676.html|32899754676| 28 Jun 2019 10:14|width:100%;|Держатель нормальный, но перед применением защитите панель, на которую будете надевать его, т.к. оставляет царапины.|
J***i| https://www.aliexpress.com/item/-/32899754676.html|32899754676| 28 Jun 2019 10:09|width:100%;||
list index out of range 使用google翻译太频繁,停止爬虫60s
K***T| https://www.aliexpress.com/item/-/32876951158.html|32876951158| 28 Jun 2019 09:25|width:100%;|arrivé cassé mais remboursé sans problème.|
V***n | https://www.aliexpress.com/item/-/32919126852.html|32919126852| 28 Jun 2019 08:45|width:80%;||
P***v| https://www.aliexpress.com/item/-/32899754676.html|32899754676| 28 Jun 2019 08:40|width:80%;||
list index out of range 使用google翻译太频繁,停止爬虫60s
s***t| https://www.aliexpress.com/item/-/32919126852.html|32919126852| 28 Jun 2019 08:34|width:100%;|Rapidement reçu sa marche correctement|
G***a| https://www.aliexpress.com/item/-/32909704204.html|32909704204| 28 Jun 2019 08:28|width:100%;||
g***b| https://www.aliexpress.com/item/-/32899754676.html|32899754676| 28 Jun 2019 07:26|width:100%;||
A***v| https://www.aliexpress.com/item/-/32856844088.html|32856844088| 28 Jun 2019 07:20|width:100%;||
D***t| https://www.aliexpress.com/item/-/32876951158.html|32876951158| 28 Jun 2019 07:18|width:100%;||
v***v| https://www.aliexpress.com/item/-/32876951158.html|32876951158| 28 Jun 2019 06:59|width:80%;||
list index out of range 使用google翻译太频繁,停止爬虫60s
A***a| https://www.aliexpress.com/item/-/32942094527.html|32942094527| 28 Jun 2019 06:57|width:60%;|Its so shortly for my iphone|
M***e| https://www.aliexpress.com/item/-/32874642353.html|32874642353| 28 Jun 2019 06:35|width:100%;||
A***i| https://www.aliexpress.com/item/-/32899754676.html|32899754676| 28 Jun 2019 06:20|width:100%;||
R***e| https://www.aliexpress.com/item/-/32899754676.html|32899754676| 28 Jun 2019 06:10|width:100%;||
list index out of range 使用google翻译太频繁,停止爬虫60s
R***n| https://www.aliexpress.com/item/-/32909704204.html|32909704204| 28 Jun 2019 05:19|width:100%;|Товар получен во время.|
list index out of range 使用google翻译太频繁,停止爬虫60s
I***o| https://www.aliexpress.com/item/-/32909704204.html|32909704204| 28 Jun 2019 05:07|width:100%;|Продавец общительный. Товар прислал, но не хватало металлической скобы для крепления. Продавец отправил другой товар, там все было в наличии. Спасибо за товар. P.S крепление пока не проверял, но думаю будет держаться хорошо.|
B***r| https://www.aliexpress.com/item/-/32899754676.html|32899754676| 28 Jun 2019 04:59|width:100%;||
I***m| https://www.aliexpress.com/item/-/32899754676.html|32899754676| 28 Jun 2019 04:49|width:100%;||
a***a | https://www.aliexpress.com/item/-/32899754676.html|32899754676| 28 Jun 2019 04:46|width:100%;||
F***k| https://www.aliexpress.com/item/-/32876951158.html|32876951158| 28 Jun 2019 04:42|width:100%;||
list index out of range 使用google翻译太频繁,停止爬虫60s
V***k| https://www.aliexpress.com/item/-/32856844088.html|32856844088| 28 Jun 2019 04:04|width:100%;|ok|
A***a| https://www.aliexpress.com/item/-/32874642353.html|32874642353| 28 Jun 2019 03:55|width:100%;||
list index out of range 使用google翻译太频繁,停止爬虫60s
A***a| https://www.aliexpress.com/item/-/32899754676.html|32899754676| 28 Jun 2019 03:24|width:100%;|Очень хорошо упакован. До Минска пришел быстро. Спасибо продавцу.|
M***e| https://www.aliexpress.com/item/-/32899754676.html|32899754676| 28 Jun 2019 03:23|width:100%;||
M***o| https://www.aliexpress.com/item/-/32874642353.html|32874642353| 28 Jun 2019 03:23|width:100%;||
I***i| https://www.aliexpress.com/item/-/32919126852.html|32919126852| 28 Jun 2019 02:09|width:100%;||
g***e| https://www.aliexpress.com/item/-/32970388345.html|32970388345| 28 Jun 2019 02:03|width:100%;||
G***m| https://www.aliexpress.com/item/-/32876951158.html|32876951158| 28 Jun 2019 01:48|width:100%;||
list index out of range 使用google翻译太频繁,停止爬虫60s
M***a| https://www.aliexpress.com/item/-/32876951158.html|32876951158| 28 Jun 2019 01:45|width:100%;|It came broken but the seller send me new one so I will see how it will come.|
K***l| https://www.aliexpress.com/item/-/32899754676.html|32899754676| 28 Jun 2019 01:23|width:100%;||
S***d| https://www.aliexpress.com/item/-/32876951158.html|32876951158| 28 Jun 2019 01:08|width:100%;||
list index out of range 使用google翻译太频繁,停止爬虫60s
E***v| https://www.aliexpress.com/item/-/32856844088.html|32856844088| 28 Jun 2019 01:04|width:100%;|очень удобно|
A***a| https://www.aliexpress.com/item/-/32950850475.html|32950850475| 28 Jun 2019 00:42|width:100%;||
E***k| https://www.aliexpress.com/item/-/32899754676.html|32899754676| 28 Jun 2019 00:12|width:100%;||
M***v| https://www.aliexpress.com/item/-/32874642353.html|32874642353| 28 Jun 2019 00:11|width:100%;||
A***z| https://www.aliexpress.com/item/-/32874642353.html|32874642353| 27 Jun 2019 23:38|width:100%;||
list index out of range 使用google翻译太频繁,停止爬虫60s
S***o| https://www.aliexpress.com/item/-/32899754676.html|32899754676| 27 Jun 2019 23:34|width:20%;|Ничего хорошего не могу сказать о товаре, он просто не пришел.|
A***s | https://www.aliexpress.com/item/-/32899754676.html|32899754676| 27 Jun 2019 23:22|width:100%;||
L***x| https://www.aliexpress.com/item/-/32899754676.html|32899754676| 27 Jun 2019 23:18|width:100%;||
Y***o| https://www.aliexpress.com/item/-/32874642353.html|32874642353| 27 Jun 2019 23:17|width:80%;||
E***n| https://www.aliexpress.com/item/-/32874642353.html|32874642353| 27 Jun 2019 22:27|width:100%;||
list index out of range 使用google翻译太频繁,停止爬虫60s
E***a| https://www.aliexpress.com/item/-/32919126852.html|32919126852| 27 Jun 2019 22:18|width:100%;|Заказ пришел в Тверь за 11 дней usb и Bluetooth работает, очень довольна|
list index out of range 使用google翻译太频繁,停止爬虫60s
D***z| https://www.aliexpress.com/item/-/32899754676.html|32899754676| 27 Jun 2019 21:56|width:60%;|the pads of the upper plastic and too rigid and does not adhere. and there are no pads on the bottom part .... unusable product on my vehicle.|
M***L| https://www.aliexpress.com/item/-/32919126852.html|32919126852| 27 Jun 2019 21:12|width:100%;||
m***m| https://www.aliexpress.com/item/-/32899754676.html|32899754676| 27 Jun 2019 20:57|width:100%;||
list index out of range 使用google翻译太频繁,停止爬虫60s
s***m| https://www.aliexpress.com/item/-/32926097679.html|32926097679| 27 Jun 2019 20:37|width:80%;|보통|
list index out of range 使用google翻译太频繁,停止爬虫60s
s***m| https://www.aliexpress.com/item/-/32899754676.html|32899754676| 27 Jun 2019 20:37|width:80%;|보통|
b***v| https://www.aliexpress.com/item/-/32874642353.html|32874642353| 27 Jun 2019 20:32|width:100%;||
list index out of range 使用google翻译太频繁,停止爬虫60s
R***v| https://www.aliexpress.com/item/-/32909704204.html|32909704204| 27 Jun 2019 20:08|width:100%;|Держится хорошо. Для Октавии А5, маловат, но закрепил.Рекомендую.|
list index out of range 使用google翻译太频繁,停止爬虫60s
A***l| https://www.aliexpress.com/item/-/32950850475.html|32950850475| 27 Jun 2019 18:40|width:100%;|Llego antes del tiempo estimado, buena calidad|
m***e| https://www.aliexpress.com/item/-/32899754676.html|32899754676| 27 Jun 2019 18:19|width:100%;||
D***k| https://www.aliexpress.com/item/-/32909704204.html|32909704204| 27 Jun 2019 14:30|width:100%;||
D***k| https://www.aliexpress.com/item/-/32899754676.html|32899754676| 27 Jun 2019 14:30|width:100%;||
d***r| https://www.aliexpress.com/item/-/32874642353.html|32874642353| 27 Jun 2019 14:22|width:100%;||
list index out of range 使用google翻译太频繁,停止爬虫60s
P***n| https://www.aliexpress.com/item/-/32899754676.html|32899754676| 27 Jun 2019 14:03|width:100%;|a little bit small, but ok|
S***d| https://www.aliexpress.com/item/-/32917722489.html|32917722489| 27 Jun 2019 13:27|width:80%;||
list index out of range 使用google翻译太频繁,停止爬虫60s
K***i| https://www.aliexpress.com/item/-/32952623117.html|32952623117| 27 Jun 2019 13:16|width:100%;|Looks good and fits well!|
A***y| https://www.aliexpress.com/item/-/32856844088.html|32856844088| 27 Jun 2019 12:26|width:100%;||
j***o| https://www.aliexpress.com/item/-/33015491410.html|33015491410| 27 Jun 2019 12:26|width:100%;||
list index out of range 使用google翻译太频繁,停止爬虫60s
M***n| https://www.aliexpress.com/item/-/32899754676.html|32899754676| 27 Jun 2019 11:42|width:100%;|6 weken voordat ik hem binnen kreeg. Het is een handige telefoon houder. je telefoon past er makkelijk in valt er niet uit.|
list index out of range 使用google翻译太频繁,停止爬虫60s
S***y| https://www.aliexpress.com/item/-/32874642353.html|32874642353| 27 Jun 2019 11:16|width:80%;|Резьба плохая на соединённых частях... а так норм|
T***a| https://www.aliexpress.com/item/-/32926097679.html|32926097679| 27 Jun 2019 11:15|width:100%;||
J***z | https://www.aliexpress.com/item/-/32899754676.html|32899754676| 27 Jun 2019 11:08|width:100%;||
A***n| https://www.aliexpress.com/item/-/32899754676.html|32899754676| 27 Jun 2019 10:45|width:100%;||
D***v| https://www.aliexpress.com/item/-/32876951158.html|32876951158| 27 Jun 2019 10:38|width:100%;||
list index out of range 使用google翻译太频繁,停止爬虫60s
M***v| https://www.aliexpress.com/item/-/32909704204.html|32909704204| 27 Jun 2019 10:25|width:80%;|все хорошо|
A***v | https://www.aliexpress.com/item/-/32874642353.html|32874642353| 27 Jun 2019 10:20|width:80%;||
list index out of range 使用google翻译太频繁,停止爬虫60s
R***v| https://www.aliexpress.com/item/-/32899754676.html|32899754676| 27 Jun 2019 10:00|width:100%;|Все хорошо, рекомендую.|
Y***o| https://www.aliexpress.com/item/-/32874642353.html|32874642353| 27 Jun 2019 09:19|width:100%;||
H***s| https://www.aliexpress.com/item/-/32899754676.html|32899754676| 27 Jun 2019 09:18|width:100%;||
P***a| https://www.aliexpress.com/item/-/32950850475.html|32950850475| 27 Jun 2019 08:39|width:100%;||
a***a | https://www.aliexpress.com/item/-/32874642353.html|32874642353| 27 Jun 2019 08:13|width:100%;||
a***a | https://www.aliexpress.com/item/-/32874642353.html|32874642353| 27 Jun 2019 08:10|width:100%;||
A***r| https://www.aliexpress.com/item/-/32899754676.html|32899754676| 27 Jun 2019 07:48|width:100%;||
list index out of range 使用google翻译太频繁,停止爬虫60s
M***v| https://www.aliexpress.com/item/-/32876951158.html|32876951158| 27 Jun 2019 07:19|width:100%;|На самокат ксяоми великоват , для вела норм. Пластик гавно|
v***v| https://www.aliexpress.com/item/-/32899754676.html|32899754676| 27 Jun 2019 07:05|width:100%;||
V***a| https://www.aliexpress.com/item/-/32899754676.html|32899754676| 27 Jun 2019 06:15|width:100%;||
list index out of range 使用google翻译太频繁,停止爬虫60s
R***v| https://www.aliexpress.com/item/-/32919126852.html|32919126852| 27 Jun 2019 06:13|width:100%;|Товар пришёл за месяц до Москвы, все работает. Продавца рекомендую !)|
M***a| https://www.aliexpress.com/item/-/32899754676.html|32899754676| 27 Jun 2019 05:55|width:100%;||
J***l| https://www.aliexpress.com/item/-/32870526812.html|32870526812| 27 Jun 2019 05:47|width:100%;||
list index out of range 使用google翻译太频繁,停止爬虫60s
A***V| https://www.aliexpress.com/item/-/32899754676.html|32899754676| 27 Jun 2019 05:06|width:100%;|Все Ок. Спасибо|
A***e| https://www.aliexpress.com/item/-/32876951158.html|32876951158| 27 Jun 2019 05:03|width:100%;||
J***s| https://www.aliexpress.com/item/-/32876951158.html|32876951158| 27 Jun 2019 04:43|width:100%;||
F***X | https://www.aliexpress.com/item/-/32878068035.html|32878068035| 27 Jun 2019 04:35|width:100%;||
R***m| https://www.aliexpress.com/item/-/32899754676.html|32899754676| 27 Jun 2019 04:29|width:100%;||
T***e| https://www.aliexpress.com/item/-/32876951158.html|32876951158| 27 Jun 2019 04:07|width:100%;||
g***r| https://www.aliexpress.com/item/-/32919126852.html|32919126852| 27 Jun 2019 03:50|width:100%;||
j***r| https://www.aliexpress.com/item/-/32899754676.html|32899754676| 27 Jun 2019 03:06|width:100%;||
list index out of range 使用google翻译太频繁,停止爬虫60s
E***a| https://www.aliexpress.com/item/-/32950850475.html|32950850475| 27 Jun 2019 02:38|width:100%;|Пришёл с браком деньги вернули ,сам чехол классный|
H***r| https://www.aliexpress.com/item/-/32874642353.html|32874642353| 27 Jun 2019 02:15|width:80%;||
list index out of range 使用google翻译太频繁,停止爬虫60s
K***i| https://www.aliexpress.com/item/-/32899754676.html|32899754676| 27 Jun 2019 02:04|width:100%;|ottimo prodotto|
list index out of range 使用google翻译太频繁,停止爬虫60s
R***r| https://www.aliexpress.com/item/-/32909704204.html|32909704204| 27 Jun 2019 02:04|width:20%;|Товар не доставлен. Деньги не возвращены.|
O***r| https://www.aliexpress.com/item/-/32950850475.html|32950850475| 27 Jun 2019 01:44|width:100%;||
R***i| https://www.aliexpress.com/item/-/32876951158.html|32876951158| 27 Jun 2019 01:42|width:80%;||
list index out of range 使用google翻译太频繁,停止爬虫60s
M***e| https://www.aliexpress.com/item/-/32856844088.html|32856844088| 27 Jun 2019 00:34|width:100%;|вполне, рабочая вещь.|
V***o| https://www.aliexpress.com/item/-/32899754676.html|32899754676| 27 Jun 2019 00:06|width:100%;||
list index out of range 使用google翻译太频繁,停止爬虫60s
M***e| https://www.aliexpress.com/item/-/32856844088.html|32856844088| 27 Jun 2019 00:34|width:100%;|вполне, рабочая вещь.|
V***o| https://www.aliexpress.com/item/-/32899754676.html|32899754676| 27 Jun 2019 00:06|width:100%;||
V***i| https://www.aliexpress.com/item/-/32899754676.html|32899754676| 27 Jun 2019 00:03|width:80%;||
list index out of range 使用google翻译太频繁,停止爬虫60s
E***a| https://www.aliexpress.com/item/-/32899754676.html|32899754676| 26 Jun 2019 22:26|width:100%;|razoável|
list index out of range 使用google翻译太频繁,停止爬虫60s
S***e| https://www.aliexpress.com/item/-/32874642353.html|32874642353| 26 Jun 2019 22:16|width:40%;|Заказывали данный товар с двумя креплениями , а пришёл товар совершенно с другим креплением|
list index out of range 使用google翻译太频繁,停止爬虫60s
E***a| https://www.aliexpress.com/item/-/32876951158.html|32876951158| 26 Jun 2019 18:46|width:100%;|отлично подойдёт для любого телефона.|
t***t| https://www.aliexpress.com/item/-/32960780064.html|32960780064| 26 Jun 2019 18:23|width:100%;||
N***a| https://www.aliexpress.com/item/-/32876951158.html|32876951158| 26 Jun 2019 17:25|width:100%;||
N***a| https://www.aliexpress.com/item/-/32876951158.html|32876951158| 26 Jun 2019 17:24|width:100%;||
M***a | https://www.aliexpress.com/item/-/32876951158.html|32876951158| 26 Jun 2019 16:08|width:80%;||
j***d| https://www.aliexpress.com/item/-/32899754676.html|32899754676| 26 Jun 2019 15:09|width:100%;||
R***d| https://www.aliexpress.com/item/-/32899754676.html|32899754676| 26 Jun 2019 15:09|width:100%;||
list index out of range 使用google翻译太频繁,停止爬虫60s
L***s| https://www.aliexpress.com/item/-/32950850475.html|32950850475| 26 Jun 2019 14:54|width:100%;|EXCELENTE. CHEGOU EM IMPRESSIONANTES 10 DIAS ÚTEIS AQUI EM BELO HORIZONTE.|
list index out of range 使用google翻译太频繁,停止爬虫60s
G***i| https://www.aliexpress.com/item/-/32876951158.html|32876951158| 26 Jun 2019 14:15|width:60%;|פשוט, שברירי ולא חזק. לא מתאים לאופנוע|
A***a| https://www.aliexpress.com/item/-/32950850475.html|32950850475| 26 Jun 2019 13:43|width:100%;||
list index out of range 使用google翻译太频繁,停止爬虫60s
z***m | https://www.aliexpress.com/item/-/32874642353.html|32874642353| 26 Jun 2019 13:42|width:100%;|excellent|
list index out of range 使用google翻译太频繁,停止爬虫60s
M***i| https://www.aliexpress.com/item/-/32899754676.html|32899754676| 26 Jun 2019 13:27|width:60%;|L'article n'est pas compatible avec le tableau de bord de ma voiture (hyundai Santa fe)|
A***a| https://www.aliexpress.com/item/-/32876951158.html|32876951158| 26 Jun 2019 13:13|width:100%;||
list index out of range 使用google翻译太频繁,停止爬虫60s
L***l| https://www.aliexpress.com/item/-/32911738915.html|32911738915| 26 Jun 2019 13:02|width:100%;|Product works as expected. I can recommend this product easily.|
s***s| https://www.aliexpress.com/item/-/32960464420.html|32960464420| 26 Jun 2019 12:27|width:100%;||
s***s | https://www.aliexpress.com/item/-/32950850475.html|32950850475| 26 Jun 2019 12:24|width:100%;||
M***o| https://www.aliexpress.com/item/-/32874642353.html|32874642353| 26 Jun 2019 12:19|width:100%;||
N***r| https://www.aliexpress.com/item/-/32899754676.html|32899754676| 26 Jun 2019 11:20|width:100%;||
list index out of range 使用google翻译太频繁,停止爬虫60s
R***a| https://www.aliexpress.com/item/-/32874642353.html|32874642353| 26 Jun 2019 11:18|width:100%;|fast shipping good product|
A***n| https://www.aliexpress.com/item/-/32874642353.html|32874642353| 26 Jun 2019 11:08|width:100%;||
list index out of range 使用google翻译太频繁,停止爬虫60s
D***a| https://www.aliexpress.com/item/-/32942094527.html|32942094527| 26 Jun 2019 10:59|width:60%;|size is not match with iphone 6s|
J***t | https://www.aliexpress.com/item/-/32899754676.html|32899754676| 26 Jun 2019 10:59|width:100%;||
L***a| https://www.aliexpress.com/item/-/32876951158.html|32876951158| 26 Jun 2019 10:47|width:100%;||
S***y| https://www.aliexpress.com/item/-/32899754676.html|32899754676| 26 Jun 2019 10:36|width:100%;||
J***s| https://www.aliexpress.com/item/-/32919126852.html|32919126852| 26 Jun 2019 10:08|width:100%;||
S***v | https://www.aliexpress.com/item/-/32856844088.html|32856844088| 26 Jun 2019 10:08|width:100%;||
list index out of range 使用google翻译太频繁,停止爬虫60s
M***a| https://www.aliexpress.com/item/-/32899754676.html|32899754676| 26 Jun 2019 10:06|width:20%;|non è mai arrivato|
E***n| https://www.aliexpress.com/item/-/32926097679.html|32926097679| 26 Jun 2019 10:02|width:100%;||
list index out of range 使用google翻译太频繁,停止爬虫60s
O***s| https://www.aliexpress.com/item/-/32899754676.html|32899754676| 26 Jun 2019 10:01|width:100%;|excelente vendedor lo recomiendo %|
M***v | https://www.aliexpress.com/item/-/32910587968.html|32910587968| 26 Jun 2019 09:25|width:100%;||
list index out of range 使用google翻译太频繁,停止爬虫60s
A***y| https://www.aliexpress.com/item/-/32876951158.html|32876951158| 26 Jun 2019 08:54|width:100%;|Все супер, доставка мгновенная! 14 дней! Качество тоже хорошее, единственное что надо телефон в чехле т. к телефон тоньше чем сама подставка, поэтому борабанит на ямах! А в общем 10+|
list index out of range 使用google翻译太频繁,停止爬虫60s
A***y| https://www.aliexpress.com/item/-/32856844088.html|32856844088| 26 Jun 2019 08:54|width:100%;|Продавец чёткий! Доставка пулей! Две недели и она в руках! Качество впринцепи неплохое, даже хорошее, ну а в общем 10+!!!|
S***a| https://www.aliexpress.com/item/-/32874642353.html|32874642353| 26 Jun 2019 08:49|width:100%;||
M***s| https://www.aliexpress.com/item/-/32923787955.html|32923787955| 26 Jun 2019 08:36|width:80%;||
M***s| https://www.aliexpress.com/item/-/32899754676.html|32899754676| 26 Jun 2019 08:36|width:80%;||
M***s| https://www.aliexpress.com/item/-/32899754676.html|32899754676| 26 Jun 2019 08:36|width:80%;||
R***r | https://www.aliexpress.com/item/-/32899754676.html|32899754676| 26 Jun 2019 08:04|width:80%;||
list index out of range 使用google翻译太频繁,停止爬虫60s
V***v| https://www.aliexpress.com/item/-/32926097679.html|32926097679| 26 Jun 2019 07:17|width:100%;|все очень понравилось. держит хорошо....|
M***a| https://www.aliexpress.com/item/-/32874642353.html|32874642353| 26 Jun 2019 06:49|width:100%;||
A***a| https://www.aliexpress.com/item/-/32874642353.html|32874642353| 26 Jun 2019 06:48|width:100%;||
list index out of range 使用google翻译太频繁,停止爬虫60s
A***v| https://www.aliexpress.com/item/-/32874642353.html|32874642353| 26 Jun 2019 06:33|width:80%;|ребёнку понравилась . даже с чехлом держит .|
D***v| https://www.aliexpress.com/item/-/32874642353.html|32874642353| 26 Jun 2019 06:15|width:100%;||
list index out of range 使用google翻译太频繁,停止爬虫60s
T***a| https://www.aliexpress.com/item/-/32874642353.html|32874642353| 26 Jun 2019 05:58|width:100%;|Great deal , thanks|
list index out of range 使用google翻译太频繁,停止爬虫60s
N***r| https://www.aliexpress.com/item/-/32950850475.html|32950850475| 26 Jun 2019 05:50|width:100%;|Good quality. Fast shipment!|
list index out of range 使用google翻译太频繁,停止爬虫60s
I***o| https://www.aliexpress.com/item/-/32919126852.html|32919126852| 26 Jun 2019 05:44|width:40%;|Mais ou menos|
M***v| https://www.aliexpress.com/item/-/32876951158.html|32876951158| 26 Jun 2019 05:36|width:80%;||
n***s| https://www.aliexpress.com/item/-/32899754676.html|32899754676| 26 Jun 2019 05:21|width:100%;||
list index out of range 使用google翻译太频繁,停止爬虫60s
D***o| https://www.aliexpress.com/item/-/32899754676.html|32899754676| 26 Jun 2019 04:56|width:60%;|телефон дрожит хорошо ,а вот крепёж к панели слабоват ,соскальзывает и надо дорабатывать ...|
P***o| https://www.aliexpress.com/item/-/32899754676.html|32899754676| 26 Jun 2019 04:52|width:100%;||
list index out of range 使用google翻译太频繁,停止爬虫60s
D***i| https://www.aliexpress.com/item/-/32970388345.html|32970388345| 26 Jun 2019 04:50|width:100%;|Зарядное супер! Продавец общительный.|
list index out of range 使用google翻译太频繁,停止爬虫60s
H***l| https://www.aliexpress.com/item/-/32899754676.html|32899754676| 26 Jun 2019 04:20|width:100%;|perfect product. works very well|
P***l| https://www.aliexpress.com/item/-/32899754676.html|32899754676| 26 Jun 2019 04:11|width:100%;||
c***n| https://www.aliexpress.com/item/-/32990168748.html|32990168748| 26 Jun 2019 03:56|width:100%;||
J***a| https://www.aliexpress.com/item/-/32856844088.html|32856844088| 26 Jun 2019 03:54|width:100%;||
N***n| https://www.aliexpress.com/item/-/32874642353.html|32874642353| 26 Jun 2019 03:35|width:100%;||
D***e| https://www.aliexpress.com/item/-/32856844088.html|32856844088| 26 Jun 2019 03:28|width:100%;||
I***a| https://www.aliexpress.com/item/-/32919126852.html|32919126852| 26 Jun 2019 03:21|width:100%;||
list index out of range 使用google翻译太频繁,停止爬虫60s
A***a| https://www.aliexpress.com/item/-/32899754676.html|32899754676| 26 Jun 2019 02:47|width:100%;|Do Polski doszło w 3 tygodnie. Zgodne z opisem.|
list index out of range 使用google翻译太频繁,停止爬虫60s
D***a| https://www.aliexpress.com/item/-/32899754676.html|32899754676| 26 Jun 2019 02:46|width:100%;|A primera vista el plástico es grueso y robusto, vino envuelto en papel de burbujas, falta probar en el coche.|
list index out of range 使用google翻译太频繁,停止爬虫60s
g***g| https://www.aliexpress.com/item/-/32899754676.html|32899754676| 26 Jun 2019 02:16|width:100%;|very good|
list index out of range 使用google翻译太频繁,停止爬虫60s
M***v| https://www.aliexpress.com/item/-/32856844088.html|32856844088| 26 Jun 2019 02:00|width:100%;|Заказ пришёл быстро. Держатель хороший к торпеде крепиться плотно и держится хорошо,но мне кажется что пружинка хлипковата, посмотрим на сколько его хватит. Продавца рекомендую.|
V***i| https://www.aliexpress.com/item/-/32856617913.html|32856617913| 26 Jun 2019 01:50|width:100%;||
A***v| https://www.aliexpress.com/item/-/32901186083.html|32901186083| 26 Jun 2019 01:34|width:100%;||
list index out of range 使用google翻译太频繁,停止爬虫60s
A***v| https://www.aliexpress.com/item/-/32899754676.html|32899754676| 26 Jun 2019 01:34|width:100%;|хорошая вещь,прочная ,соответствует описанию.мне понравилась.|
list index out of range 使用google翻译太频繁,停止爬虫60s
Y***k| https://www.aliexpress.com/item/-/32926097679.html|32926097679| 26 Jun 2019 00:55|width:100%;|very good and fast delivery! my recommendation!|
list index out of range 使用google翻译太频繁,停止爬虫60s
Y***k| https://www.aliexpress.com/item/-/32919126852.html|32919126852| 26 Jun 2019 00:55|width:100%;|very good and fast delivery! my recommendation!|
C***s| https://www.aliexpress.com/item/-/32899754676.html|32899754676| 26 Jun 2019 00:27|width:100%;||
list index out of range 使用google翻译太频繁,停止爬虫60s
c***n | https://www.aliexpress.com/item/-/32899754676.html|32899754676| 26 Jun 2019 00:00|width:60%;|X|
K***o | https://www.aliexpress.com/item/-/32926097679.html|32926097679| 25 Jun 2019 23:56|width:100%;||
V***h| https://www.aliexpress.com/item/-/32899754676.html|32899754676| 25 Jun 2019 23:54|width:100%;||
j***n | https://www.aliexpress.com/item/-/32899754676.html|32899754676| 25 Jun 2019 23:48|width:80%;||
K***s | https://www.aliexpress.com/item/-/32874642353.html|32874642353| 25 Jun 2019 23:46|width:100%;||
list index out of range 使用google翻译太频繁,停止爬虫60s
M***c| https://www.aliexpress.com/item/-/32899754676.html|32899754676| 25 Jun 2019 23:42|width:60%;|Niestety przesyłka do mnie nie dotarła ale raczej nie z winy sprzedającego. Nie mam Mu nic do zarzucenia. Kontakt na najwyższym poziomie.|
E***u| https://www.aliexpress.com/item/-/32874642353.html|32874642353| 25 Jun 2019 23:09|width:100%;||
s***k| https://www.aliexpress.com/item/-/32874642353.html|32874642353| 25 Jun 2019 22:01|width:100%;||
list index out of range 使用google翻译太频繁,停止爬虫60s
E***a| https://www.aliexpress.com/item/-/32899754676.html|32899754676| 25 Jun 2019 21:55|width:100%;|все как в описании, получила очень быстро, установлю дополню отзыв|
V***N | https://www.aliexpress.com/item/-/32876951158.html|32876951158| 25 Jun 2019 21:43|width:80%;||
list index out of range 使用google翻译太频繁,停止爬虫60s
Y***v| https://www.aliexpress.com/item/-/32899754676.html|32899754676| 25 Jun 2019 20:53|width:100%;|Good|
g***g| https://www.aliexpress.com/item/-/32876951158.html|32876951158| 25 Jun 2019 20:38|width:100%;||
list index out of range 使用google翻译太频繁,停止爬虫60s
r***o| https://www.aliexpress.com/item/-/32874642353.html|32874642353| 25 Jun 2019 16:13|width:100%;|el soporte ha llegado rapidisimo|
list index out of range 使用google翻译太频繁,停止爬虫60s
A***i | https://www.aliexpress.com/item/-/32950850475.html|32950850475| 25 Jun 2019 16:12|width:100%;|Item as described, serious seller, fast shipping. Thanks|
G***i| https://www.aliexpress.com/item/-/32874642353.html|32874642353| 25 Jun 2019 14:42|width:100%;||
list index out of range 使用google翻译太频繁,停止爬虫60s
T***s| https://www.aliexpress.com/item/-/32874642353.html|32874642353| 25 Jun 2019 14:17|width:100%;|Prima! Snel verzonden, snel ontvangen...|
A***u| https://www.aliexpress.com/item/-/32874642353.html|32874642353| 25 Jun 2019 13:46|width:80%;||
s***a| https://www.aliexpress.com/item/-/32876951158.html|32876951158| 25 Jun 2019 13:40|width:80%;||
M***K| https://www.aliexpress.com/item/-/32874642353.html|32874642353| 25 Jun 2019 13:13|width:100%;||
list index out of range 使用google翻译太频繁,停止爬虫60s
A***a| https://www.aliexpress.com/item/-/32856844088.html|32856844088| 25 Jun 2019 13:04|width:60%;|segun el salpicadero patina|
S***h| https://www.aliexpress.com/item/-/32874642353.html|32874642353| 25 Jun 2019 13:00|width:100%;||
list index out of range 使用google翻译太频繁,停止爬虫60s
G***v| https://www.aliexpress.com/item/-/32919126852.html|32919126852| 25 Jun 2019 12:49|width:100%;|Чистый звук и быстро|
V***v| https://www.aliexpress.com/item/-/32874642353.html|32874642353| 25 Jun 2019 12:40|width:100%;||
list index out of range 使用google翻译太频繁,停止爬虫60s
O***a| https://www.aliexpress.com/item/-/32909704204.html|32909704204| 25 Jun 2019 11:39|width:80%;|Конечно слабенькая и хлипенькое, но на пару месяцев хватит)) попользоваться в отпуске. А на что рассчитывать за такие деньги)|
list index out of range 使用google翻译太频繁,停止爬虫60s
F***v| https://www.aliexpress.com/item/-/32899754676.html|32899754676| 25 Jun 2019 10:26|width:60%;|она не крутиться как положено и не крепится на панели как на картинке.|
g***o| https://www.aliexpress.com/item/-/32876951158.html|32876951158| 25 Jun 2019 10:23|width:80%;||
i***i | https://www.aliexpress.com/item/-/32950850475.html|32950850475| 25 Jun 2019 10:19|width:100%;||
list index out of range 使用google翻译太频繁,停止爬虫60s
i***h| https://www.aliexpress.com/item/-/32856844088.html|32856844088| 25 Jun 2019 09:33|width:100%;|****|
list index out of range 使用google翻译太频繁,停止爬虫60s
y***n| https://www.aliexpress.com/item/-/32919126852.html|32919126852| 25 Jun 2019 09:10|width:100%;|worth the money. nice produc|
list index out of range 使用google翻译太频繁,停止爬虫60s
G***n| https://www.aliexpress.com/item/-/32856844088.html|32856844088| 25 Jun 2019 08:42|width:100%;|Заказ пришел в срок. При проверке соскальзывал с панели, но после того как под прищепку подложил противо скользящий коврик (дешевая фигня в дырочку из фикс прайс) прицепился как родной . Над рулём смартфон видно хорошо приспособление определённо стоящие гораздо удобнее всяких липучек на стекло, своих денег определённо стоит.|
A***n| https://www.aliexpress.com/item/-/32899754676.html|32899754676| 25 Jun 2019 07:47|width:100%;||
list index out of range 使用google翻译太频繁,停止爬虫60s
G***o| https://www.aliexpress.com/item/-/32950850475.html|32950850475| 25 Jun 2019 07:19|width:100%;|Супер !Спасибо!!!|
R***s| https://www.aliexpress.com/item/-/32874642353.html|32874642353| 25 Jun 2019 07:15|width:100%;||
n***s| https://www.aliexpress.com/item/-/32899754676.html|32899754676| 25 Jun 2019 07:05|width:100%;||
list index out of range 使用google翻译太频繁,停止爬虫60s
I***a| https://www.aliexpress.com/item/-/32874642353.html|32874642353| 25 Jun 2019 06:54|width:100%;|отличный держатель, быстрая доставка|
v***v| https://www.aliexpress.com/item/-/33006655957.html|33006655957| 25 Jun 2019 06:48|width:100%;||
list index out of range 使用google翻译太频繁,停止爬虫60s
S***n| https://www.aliexpress.com/item/-/32899754676.html|32899754676| 25 Jun 2019 06:21|width:80%;|Получил быстро, однако не подходит, к сожалению ,по размеру к моей панели|
list index out of range 使用google翻译太频繁,停止爬虫60s
O***a| https://www.aliexpress.com/item/-/32874642353.html|32874642353| 25 Jun 2019 06:16|width:100%;|Держатель класс доставка быстрая спасибо продавца рекомендую|
list index out of range 使用google翻译太频繁,停止爬虫60s
D***n| https://www.aliexpress.com/item/-/32899754676.html|32899754676| 25 Jun 2019 06:02|width:20%;|Воняет пздц. Использовать невозможно.|
list index out of range 使用google翻译太频繁,停止爬虫60s
S***r | https://www.aliexpress.com/item/-/32899754676.html|32899754676| 25 Jun 2019 05:28|width:100%;|good! Recommend! usefull little thing|
S***z| https://www.aliexpress.com/item/-/32876951158.html|32876951158| 25 Jun 2019 05:25|width:100%;||
C***h| https://www.aliexpress.com/item/-/32851512940.html|32851512940| 25 Jun 2019 05:25|width:80%;||
C***h| https://www.aliexpress.com/item/-/32851512940.html|32851512940| 25 Jun 2019 05:25|width:80%;||
L***k| https://www.aliexpress.com/item/-/32876951158.html|32876951158| 25 Jun 2019 05:15|width:100%;||
list index out of range 使用google翻译太频繁,停止爬虫60s
V***I| https://www.aliexpress.com/item/-/32909704204.html|32909704204| 25 Jun 2019 05:13|width:100%;|Спасибо продавцу. Доставка достаточно быстрая ( дней 20 до РБ). На удивление качественное исполнение. Очень хорошо подходит для Ipad 1. Единственное, что не очень понравилось, так это крепление от держателя к подлокотнику. Как по мне так не очень плотное крепление. Посмотрим как будет в эксплуатации.|
list index out of range 使用google翻译太频繁,停止爬虫60s
j***a| https://www.aliexpress.com/item/-/32919126852.html|32919126852| 25 Jun 2019 04:19|width:100%;|jó|
list index out of range 使用google翻译太频繁,停止爬虫60s
j***a| https://www.aliexpress.com/item/-/32919126852.html|32919126852| 25 Jun 2019 04:18|width:100%;|ok|
n***e | https://www.aliexpress.com/item/-/32899754676.html|32899754676| 25 Jun 2019 04:13|width:80%;||
邮件发送成功
