H***p | https://www.aliexpress.com/item/-/32874642353.html|32874642353| 03 Jul 2019 11:12|width:80%;||
J***k| https://www.aliexpress.com/item/-/32899754676.html|32899754676| 03 Jul 2019 10:37|width:100%;||
D***c| https://www.aliexpress.com/item/-/32899754676.html|32899754676| 03 Jul 2019 10:33|width:100%;||
G***r| https://www.aliexpress.com/item/-/32950850475.html|32950850475| 03 Jul 2019 10:08|width:80%;||
S***d| https://www.aliexpress.com/item/-/32899754676.html|32899754676| 03 Jul 2019 10:08|width:100%;||
P***o | https://www.aliexpress.com/item/-/32874642353.html|32874642353| 03 Jul 2019 10:00|width:100%;||
list index out of range 使用google翻译太频繁,停止爬虫60s
J***s| https://www.aliexpress.com/item/-/32856844088.html|32856844088| 03 Jul 2019 09:37|width:100%;|Great|
E***s | https://www.aliexpress.com/item/-/32876951158.html|32876951158| 03 Jul 2019 09:29|width:100%;||
E***s | https://www.aliexpress.com/item/-/32876951158.html|32876951158| 03 Jul 2019 09:29|width:100%;||
M***a| https://www.aliexpress.com/item/-/33006655957.html|33006655957| 03 Jul 2019 09:14|width:80%;||
I***i| https://www.aliexpress.com/item/-/32876951158.html|32876951158| 03 Jul 2019 09:05|width:80%;||
T***k| https://www.aliexpress.com/item/-/32874642353.html|32874642353| 03 Jul 2019 08:50|width:100%;||
D***a| https://www.aliexpress.com/item/-/32856844088.html|32856844088| 03 Jul 2019 08:24|width:100%;||
list index out of range 使用google翻译太频繁,停止爬虫60s
s***n| https://www.aliexpress.com/item/-/32876951158.html|32876951158| 03 Jul 2019 07:54|width:100%;|top product|
A***a| https://www.aliexpress.com/item/-/32874642353.html|32874642353| 03 Jul 2019 07:41|width:80%;||
d***d| https://www.aliexpress.com/item/-/33012572197.html|33012572197| 03 Jul 2019 07:40|width:100%;||
list index out of range 使用google翻译太频繁,停止爬虫60s
A***n| https://www.aliexpress.com/item/-/32899754676.html|32899754676| 03 Jul 2019 06:41|width:100%;|Fin handel så +++++++++++++++ her fra|
list index out of range 使用google翻译太频繁,停止爬虫60s
O***o| https://www.aliexpress.com/item/-/32950850475.html|32950850475| 03 Jul 2019 05:57|width:100%;|Супер|
J***y| https://www.aliexpress.com/item/-/32899754676.html|32899754676| 03 Jul 2019 05:47|width:100%;||
a***a| https://www.aliexpress.com/item/-/32950850475.html|32950850475| 03 Jul 2019 05:43|width:100%;||
L***l | https://www.aliexpress.com/item/-/32856844088.html|32856844088| 03 Jul 2019 04:02|width:80%;||
J***k| https://www.aliexpress.com/item/-/32899754676.html|32899754676| 03 Jul 2019 03:32|width:100%;||
R***s| https://www.aliexpress.com/item/-/32899754676.html|32899754676| 03 Jul 2019 03:31|width:100%;||
list index out of range 使用google翻译太频繁,停止爬虫60s
B***s| https://www.aliexpress.com/item/-/32899754676.html|32899754676| 03 Jul 2019 03:07|width:100%;|Thank You! :)|
L***f| https://www.aliexpress.com/item/-/32874642353.html|32874642353| 03 Jul 2019 02:41|width:100%;||
list index out of range 使用google翻译太频繁,停止爬虫60s
p***p| https://www.aliexpress.com/item/-/32874642353.html|32874642353| 03 Jul 2019 02:40|width:100%;|Отличная подставка|
list index out of range 使用google翻译太频繁,停止爬虫60s
V***c| https://www.aliexpress.com/item/-/32876951158.html|32876951158| 03 Jul 2019 02:31|width:100%;|Exellent|
W***l | https://www.aliexpress.com/item/-/32899754676.html|32899754676| 03 Jul 2019 02:18|width:100%;||
I***i| https://www.aliexpress.com/item/-/32876951158.html|32876951158| 03 Jul 2019 02:12|width:100%;||
list index out of range 使用google翻译太频繁,停止爬虫60s
G***L| https://www.aliexpress.com/item/-/32899754676.html|32899754676| 03 Jul 2019 01:32|width:100%;|as described|
list index out of range 使用google翻译太频繁,停止爬虫60s
d***d| https://www.aliexpress.com/item/-/32899754676.html|32899754676| 03 Jul 2019 00:50|width:100%;|Денег своих стоит, пришло всё целое и быстро|
E***z| https://www.aliexpress.com/item/-/32917722489.html|32917722489| 03 Jul 2019 00:16|width:100%;||
R***v| https://www.aliexpress.com/item/-/32874642353.html|32874642353| 02 Jul 2019 23:43|width:100%;||
R***v| https://www.aliexpress.com/item/-/32923859223.html|32923859223| 02 Jul 2019 23:42|width:100%;||
list index out of range 使用google翻译太频繁,停止爬虫60s
I***V| https://www.aliexpress.com/item/-/32876951158.html|32876951158| 02 Jul 2019 23:39|width:60%;|Die Lieferungszeit war in Ordnung. Verpackung ebenfalls in Ordnung. Zu dem Produkt kann ich leider nichts positives schreiben, da die Qualität dem Preis entspricht. Also für Spottpreis darf man sich nichts erwarten. Kommunikation: keine, da von Bestellung bis Lieferung alles ok war.|
g***r| https://www.aliexpress.com/item/-/32919126852.html|32919126852| 02 Jul 2019 22:15|width:100%;||
list index out of range 使用google翻译太频繁,停止爬虫60s
S***n| https://www.aliexpress.com/item/-/32919126852.html|32919126852| 02 Jul 2019 22:04|width:100%;|за свою цену товар превосходит все ожидания. с телефоном связывается сразу и без проблем. радиосигнал без помех, функцию зарядки пока не проверял. очень доволен приобретением. посмотрим сколько проработает.|
A***l| https://www.aliexpress.com/item/-/32899754676.html|32899754676| 02 Jul 2019 22:02|width:100%;||
W***i| https://www.aliexpress.com/item/-/33012572197.html|33012572197| 02 Jul 2019 21:55|width:100%;||
V***a | https://www.aliexpress.com/item/-/32874642353.html|32874642353| 02 Jul 2019 18:03|width:100%;||
A***v | https://www.aliexpress.com/item/-/32950850475.html|32950850475| 02 Jul 2019 18:00|width:100%;||
A***v| https://www.aliexpress.com/item/-/32950850475.html|32950850475| 02 Jul 2019 17:15|width:100%;||
B***y| https://www.aliexpress.com/item/-/32899754676.html|32899754676| 02 Jul 2019 16:47|width:100%;||
W***e| https://www.aliexpress.com/item/-/32899754676.html|32899754676| 02 Jul 2019 15:54|width:100%;||
list index out of range 使用google翻译太频繁,停止爬虫60s
D***v| https://www.aliexpress.com/item/-/32950850475.html|32950850475| 02 Jul 2019 14:22|width:80%;|Отсутствует стандартная магнитная сцепка между сгибающимися частями. Стоит не очень надежно.|
J***y| https://www.aliexpress.com/item/-/32876951158.html|32876951158| 02 Jul 2019 13:47|width:100%;||
J***y| https://www.aliexpress.com/item/-/32876951158.html|32876951158| 02 Jul 2019 13:47|width:100%;||
J***y| https://www.aliexpress.com/item/-/32876951158.html|32876951158| 02 Jul 2019 13:47|width:100%;||
J***y| https://www.aliexpress.com/item/-/32876951158.html|32876951158| 02 Jul 2019 13:47|width:100%;||
list index out of range 使用google翻译太频繁,停止爬虫60s
s***z| https://www.aliexpress.com/item/-/32923859223.html|32923859223| 02 Jul 2019 13:18|width:100%;|de momento funciona muy bien estoy contento con la compra,y no se calienta nada esta 12 horas al día conectado|
V***o| https://www.aliexpress.com/item/-/32899754676.html|32899754676| 02 Jul 2019 13:10|width:100%;||
list index out of range 使用google翻译太频繁,停止爬虫60s
J***o| https://www.aliexpress.com/item/-/32874642353.html|32874642353| 02 Jul 2019 13:06|width:100%;|доставка от 2до 3 недель.Визуально все ОК.еще не установили,главное вовремя прибыл держатель,как раз едим в отпуск на машине.Вроде крепкий.|
U***r | https://www.aliexpress.com/item/-/32856617913.html|32856617913| 02 Jul 2019 12:24|width:100%;||
Y***v| https://www.aliexpress.com/item/-/32876951158.html|32876951158| 02 Jul 2019 12:16|width:80%;||
c***c| https://www.aliexpress.com/item/-/32960780064.html|32960780064| 02 Jul 2019 11:14|width:100%;||
K***a| https://www.aliexpress.com/item/-/32874642353.html|32874642353| 02 Jul 2019 11:04|width:100%;||
B***e | https://www.aliexpress.com/item/-/32876951158.html|32876951158| 02 Jul 2019 10:58|width:100%;||
M***n| https://www.aliexpress.com/item/-/32874642353.html|32874642353| 02 Jul 2019 10:49|width:100%;||
list index out of range 使用google翻译太频繁,停止爬虫60s
t***n| https://www.aliexpress.com/item/-/32874642353.html|32874642353| 02 Jul 2019 10:44|width:100%;|מעולה לאוטו לנסיעות|
list index out of range 使用google翻译太频繁,停止爬虫60s
t***t| https://www.aliexpress.com/item/-/32874642353.html|32874642353| 02 Jul 2019 10:43|width:100%;|ok|
list index out of range 使用google翻译太频繁,停止爬虫60s
t***t| https://www.aliexpress.com/item/-/32874642353.html|32874642353| 02 Jul 2019 10:43|width:100%;|ok|
list index out of range 使用google翻译太频繁,停止爬虫60s
T***m| https://www.aliexpress.com/item/-/32856844088.html|32856844088| 02 Jul 2019 10:35|width:20%;|Fiat 500 kan het nergens aan vastgezet worden|
list index out of range 使用google翻译太频繁,停止爬虫60s
E***v| https://www.aliexpress.com/item/-/32876951158.html|32876951158| 02 Jul 2019 10:14|width:60%;|Доставка до МО 27 дней. Качество хлипкое. Все дребезжит. Раздвигается до довольно больших размеров. Проверим на сколько хвалит.|
d***n| https://www.aliexpress.com/item/-/32911738915.html|32911738915| 02 Jul 2019 10:11|width:100%;||
v***f | https://www.aliexpress.com/item/-/32899754676.html|32899754676| 02 Jul 2019 08:41|width:100%;||
list index out of range 使用google翻译太频繁,停止爬虫60s
K***s| https://www.aliexpress.com/item/-/32899754676.html|32899754676| 02 Jul 2019 08:38|width:100%;|All ok !|
B***r | https://www.aliexpress.com/item/-/32899754676.html|32899754676| 02 Jul 2019 08:19|width:80%;||
N***o| https://www.aliexpress.com/item/-/32899754676.html|32899754676| 02 Jul 2019 07:34|width:80%;||
S***N| https://www.aliexpress.com/item/-/32990168748.html|32990168748| 02 Jul 2019 07:29|width:100%;||
list index out of range 使用google翻译太频繁,停止爬虫60s
M***a| https://www.aliexpress.com/item/-/32926097679.html|32926097679| 02 Jul 2019 07:09|width:100%;|Przydatne i wygodne. Polecam.|
R***p| https://www.aliexpress.com/item/-/32899754676.html|32899754676| 02 Jul 2019 07:02|width:100%;||
J***t| https://www.aliexpress.com/item/-/32856844088.html|32856844088| 02 Jul 2019 06:41|width:80%;||
G***s| https://www.aliexpress.com/item/-/32876951158.html|32876951158| 02 Jul 2019 05:22|width:100%;||
K***t| https://www.aliexpress.com/item/-/32899754676.html|32899754676| 02 Jul 2019 05:20|width:100%;||
list index out of range 使用google翻译太频繁,停止爬虫60s
I***i| https://www.aliexpress.com/item/-/32876951158.html|32876951158| 02 Jul 2019 05:10|width:20%;|המוצר הגיע שבור|
F***a| https://www.aliexpress.com/item/-/32876951158.html|32876951158| 02 Jul 2019 05:03|width:80%;||
a***i| https://www.aliexpress.com/item/-/32899754676.html|32899754676| 02 Jul 2019 03:38|width:100%;||
list index out of range 使用google翻译太频繁,停止爬虫60s
v***s| https://www.aliexpress.com/item/-/32876951158.html|32876951158| 02 Jul 2019 03:37|width:100%;|Очень хорошая штука. Советую!|
list index out of range 使用google翻译太频繁,停止爬虫60s
N***d| https://www.aliexpress.com/item/-/32899754676.html|32899754676| 02 Jul 2019 03:29|width:40%;|الاصق غير جيد De sticker is niet goed|
m***a| https://www.aliexpress.com/item/-/32874642353.html|32874642353| 02 Jul 2019 03:21|width:100%;||
list index out of range 使用google翻译太频繁,停止爬虫60s
d***s| https://www.aliexpress.com/item/-/32950850475.html|32950850475| 02 Jul 2019 03:09|width:100%;|Super fast shipping,very good case.recommended 100%|
list index out of range 使用google翻译太频繁,停止爬虫60s
f***r| https://www.aliexpress.com/item/-/32952623117.html|32952623117| 02 Jul 2019 02:32|width:100%;|Доставили быстро. Товар соответствует описанию. Ipad6 не вставляется. (|
list index out of range 使用google翻译太频繁,停止爬虫60s
p***k| https://www.aliexpress.com/item/-/32899754676.html|32899754676| 02 Jul 2019 02:30|width:100%;|good!|
k***k| https://www.aliexpress.com/item/-/32874642353.html|32874642353| 02 Jul 2019 01:36|width:100%;||
S***v| https://www.aliexpress.com/item/-/32874642353.html|32874642353| 02 Jul 2019 01:27|width:100%;||
list index out of range 使用google翻译太频繁,停止爬虫60s
Y***H| https://www.aliexpress.com/item/-/32899754676.html|32899754676| 02 Jul 2019 01:18|width:100%;|GOOD QUALITY AND GOOD SELLER|
list index out of range 使用google翻译太频繁,停止爬虫60s
P***o| https://www.aliexpress.com/item/-/32876951158.html|32876951158| 02 Jul 2019 00:46|width:60%;|It came intact, very well packed. But the thing itself is not very well crafted. It might be more suitable for a bicycle, not a motorcycle. It almost came apart and at one point or stopped working. I took it off, I will be looking for something different. Not worth it!|
A***n | https://www.aliexpress.com/item/-/32919126852.html|32919126852| 02 Jul 2019 00:36|width:100%;||
v***s | https://www.aliexpress.com/item/-/32899754676.html|32899754676| 02 Jul 2019 00:22|width:100%;||
L***c| https://www.aliexpress.com/item/-/32856844088.html|32856844088| 02 Jul 2019 00:19|width:100%;||
O***v| https://www.aliexpress.com/item/-/32909704204.html|32909704204| 01 Jul 2019 21:38|width:100%;||
list index out of range 使用google翻译太频繁,停止爬虫60s
S***v| https://www.aliexpress.com/item/-/32926097679.html|32926097679| 01 Jul 2019 19:39|width:100%;|удобный, держит надёжно|
R***r| https://www.aliexpress.com/item/-/32856844088.html|32856844088| 01 Jul 2019 19:25|width:100%;||
list index out of range 使用google翻译太频繁,停止爬虫60s
S***c| https://www.aliexpress.com/item/-/32899754676.html|32899754676| 01 Jul 2019 15:20|width:100%;|Very professional and fast. Thank you.|
D***o| https://www.aliexpress.com/item/-/32899754676.html|32899754676| 01 Jul 2019 14:03|width:100%;||
A***m| https://www.aliexpress.com/item/-/32856844088.html|32856844088| 01 Jul 2019 13:04|width:80%;||
N***c| https://www.aliexpress.com/item/-/32990168748.html|32990168748| 01 Jul 2019 12:52|width:100%;||
A***v| https://www.aliexpress.com/item/-/32899754676.html|32899754676| 01 Jul 2019 12:37|width:100%;||
K***a| https://www.aliexpress.com/item/-/32919126852.html|32919126852| 01 Jul 2019 12:07|width:100%;||
list index out of range 使用google翻译太频繁,停止爬虫60s
A***v| https://www.aliexpress.com/item/-/32899754676.html|32899754676| 01 Jul 2019 11:52|width:100%;|good product, as described|
list index out of range 使用google翻译太频繁,停止爬虫60s
A***v| https://www.aliexpress.com/item/-/32899754676.html|32899754676| 01 Jul 2019 11:52|width:100%;|good product, as described|
B***o| https://www.aliexpress.com/item/-/32950850475.html|32950850475| 01 Jul 2019 11:50|width:80%;||
list index out of range 使用google翻译太频繁,停止爬虫60s
S***a| https://www.aliexpress.com/item/-/32919126852.html|32919126852| 01 Jul 2019 10:15|width:80%;|The frequency when connected to the radio don't ork strong at times.|
list index out of range 使用google翻译太频繁,停止爬虫60s
c***n| https://www.aliexpress.com/item/-/32874642353.html|32874642353| 01 Jul 2019 09:44|width:20%;|came broken!! i want a new one!|
list index out of range 使用google翻译太频繁,停止爬虫60s
S***r | https://www.aliexpress.com/item/-/32960780064.html|32960780064| 01 Jul 2019 09:15|width:80%;|Маркий очень. Полоски по бокам непонятно вообще за чем.|
M***i| https://www.aliexpress.com/item/-/32911738915.html|32911738915| 01 Jul 2019 09:14|width:100%;||
list index out of range 使用google翻译太频繁,停止爬虫60s
V***v| https://www.aliexpress.com/item/-/32899754676.html|32899754676| 01 Jul 2019 09:03|width:100%;|Пришел за 10 дней. Пробую, чуть низковат в Каптюр.|
K***i| https://www.aliexpress.com/item/-/32874642353.html|32874642353| 01 Jul 2019 08:39|width:100%;||
list index out of range 使用google翻译太频繁,停止爬虫60s
A***v | https://www.aliexpress.com/item/-/32899754676.html|32899754676| 01 Jul 2019 08:20|width:100%;|Коректен продавач. Да се надявам, че като поставям стойката няма да се счупи.|
list index out of range 使用google翻译太频繁,停止爬虫60s
T***a| https://www.aliexpress.com/item/-/32899754676.html|32899754676| 01 Jul 2019 08:17|width:100%;|запах жуткий! надеюсь выветрится. на вид жидкий какой то. посмотрим сколько прослужит|
list index out of range 使用google翻译太频繁,停止爬虫60s
T***a| https://www.aliexpress.com/item/-/32899754676.html|32899754676| 01 Jul 2019 08:17|width:100%;|запах жуткий! надеюсь выветрится. на вид жидкий какой то. посмотрим сколько прослужит|
N***v | https://www.aliexpress.com/item/-/32851512940.html|32851512940| 01 Jul 2019 07:46|width:100%;||
D***a| https://www.aliexpress.com/item/-/32870526812.html|32870526812| 01 Jul 2019 07:34|width:100%;||
list index out of range 使用google翻译太频繁,停止爬虫60s
O***i| https://www.aliexpress.com/item/-/32876951158.html|32876951158| 01 Jul 2019 06:56|width:80%;|the product arrived broken|
list index out of range 使用google翻译太频繁,停止爬虫60s
M***v| https://www.aliexpress.com/item/-/32923859223.html|32923859223| 01 Jul 2019 06:41|width:100%;|Отличное зарядное устройство. Только очень короткий контакт питания, для жигулей не подойдёт. Быстрая зарядка работает!|
I***s | https://www.aliexpress.com/item/-/32899754676.html|32899754676| 01 Jul 2019 06:15|width:100%;||
list index out of range 使用google翻译太频繁,停止爬虫60s
i***n | https://www.aliexpress.com/item/-/32899754676.html|32899754676| 01 Jul 2019 06:12|width:100%;|до Уфы быстро 2,5 недели хороший держак мне нравится|
list index out of range 使用google翻译太频繁,停止爬虫60s
M***v| https://www.aliexpress.com/item/-/32874642353.html|32874642353| 01 Jul 2019 05:57|width:20%;|Очень хлипкая конструкция, 10 дюймовый планшет с трудом удалось впихнуть, мягкие уплотнения сразу отвалились, очень дешёвый материал, шарнир вообще не зажимается, прокручивается, чтобы не слетало крепление к опоре надо намертво заматывать скотчем|
M***n| https://www.aliexpress.com/item/-/32899754676.html|32899754676| 01 Jul 2019 05:49|width:100%;||
list index out of range 使用google翻译太频繁,停止爬虫60s
L***u| https://www.aliexpress.com/item/-/32876951158.html|32876951158| 01 Jul 2019 05:46|width:100%;|The package has lost in trasit, but the seller agreed to refund the money. Top seller, I recommend.|
S***c| https://www.aliexpress.com/item/-/32856844088.html|32856844088| 01 Jul 2019 05:45|width:100%;||
C***r | https://www.aliexpress.com/item/-/32876951158.html|32876951158| 01 Jul 2019 05:44|width:100%;||
t***i| https://www.aliexpress.com/item/-/32874642353.html|32874642353| 01 Jul 2019 05:26|width:100%;||
d***w| https://www.aliexpress.com/item/-/32899754676.html|32899754676| 01 Jul 2019 05:22|width:100%;||
J***o | https://www.aliexpress.com/item/-/32942094527.html|32942094527| 01 Jul 2019 04:23|width:100%;||
D***k| https://www.aliexpress.com/item/-/32874642353.html|32874642353| 01 Jul 2019 03:59|width:100%;||
list index out of range 使用google翻译太频繁,停止爬虫60s
R***r| https://www.aliexpress.com/item/-/32919126852.html|32919126852| 01 Jul 2019 03:48|width:80%;|Товар получил, по внешнему виду повреждений нет. В работе проверю, дополнительно напишу насколько отвечает описанию.|
s***s| https://www.aliexpress.com/item/-/32899754676.html|32899754676| 01 Jul 2019 03:46|width:100%;||
list index out of range 使用google翻译太频繁,停止爬虫60s
H***n| https://www.aliexpress.com/item/-/32970973907.html|32970973907| 01 Jul 2019 03:32|width:60%;|I ordered blue, but green received but oke!|
k***n| https://www.aliexpress.com/item/-/32874642353.html|32874642353| 01 Jul 2019 03:29|width:100%;||
D***n| https://www.aliexpress.com/item/-/32919126852.html|32919126852| 01 Jul 2019 03:13|width:100%;||
I***a| https://www.aliexpress.com/item/-/32950850475.html|32950850475| 01 Jul 2019 03:06|width:80%;||
list index out of range 使用google翻译太频繁,停止爬虫60s
N***S| https://www.aliexpress.com/item/-/32874642353.html|32874642353| 01 Jul 2019 02:08|width:40%;|Мега быстрая доставка-2 недели! Крепление хорошее, НО! Минус в том, что под 7 дюймов не подходит! Планшет постоянно выпадает, а горизонтально вообще не фиксируется. Очень жаль....|
d***n| https://www.aliexpress.com/item/-/32923787955.html|32923787955| 01 Jul 2019 01:53|width:100%;||
I***s | https://www.aliexpress.com/item/-/32919126852.html|32919126852| 01 Jul 2019 01:33|width:100%;||
f***h| https://www.aliexpress.com/item/-/32899754676.html|32899754676| 01 Jul 2019 00:55|width:100%;||
a***a| https://www.aliexpress.com/item/-/32919126852.html|32919126852| 01 Jul 2019 00:46|width:100%;||
P***i| https://www.aliexpress.com/item/-/33004657555.html|33004657555| 01 Jul 2019 00:34|width:100%;||
P***i| https://www.aliexpress.com/item/-/32899754676.html|32899754676| 01 Jul 2019 00:34|width:100%;||
D***y| https://www.aliexpress.com/item/-/32876951158.html|32876951158| 01 Jul 2019 00:19|width:80%;||
list index out of range 使用google翻译太频繁,停止爬虫60s
D***g| https://www.aliexpress.com/item/-/32874642353.html|32874642353| 01 Jul 2019 00:13|width:100%;|Great|
list index out of range 使用google翻译太频繁,停止爬虫60s
V***v| https://www.aliexpress.com/item/-/32874642353.html|32874642353| 30 Jun 2019 23:57|width:100%;|на вид не плохая, продавца рекомендую|
list index out of range 使用google翻译太频繁,停止爬虫60s
A***r| https://www.aliexpress.com/item/-/32876951158.html|32876951158| 30 Jun 2019 23:55|width:80%;|arrived in good order|
M***c| https://www.aliexpress.com/item/-/32919126852.html|32919126852| 30 Jun 2019 23:47|width:80%;||
s***o| https://www.aliexpress.com/item/-/32856844088.html|32856844088| 30 Jun 2019 23:41|width:100%;||
A***e| https://www.aliexpress.com/item/-/32899754676.html|32899754676| 30 Jun 2019 23:22|width:100%;||
P***o| https://www.aliexpress.com/item/-/32899754676.html|32899754676| 30 Jun 2019 22:40|width:100%;||
list index out of range 使用google翻译太频繁,停止爬虫60s
F***z| https://www.aliexpress.com/item/-/32876951158.html|32876951158| 30 Jun 2019 22:39|width:80%;|Looks ok. Shipping took twice as long as normal. Upon inspection when it arrived, something cracked inside it and fell. It grips phone great but not sure what it was that broke.|
D***n | https://www.aliexpress.com/item/-/32909704204.html|32909704204| 30 Jun 2019 22:29|width:100%;||
list index out of range 使用google翻译太频繁,停止爬虫60s
Y***g| https://www.aliexpress.com/item/-/32945452346.html|32945452346| 30 Jun 2019 21:09|width:100%;|Zoals foto en omschrijving|
list index out of range 使用google翻译太频繁,停止爬虫60s
n***n| https://www.aliexpress.com/item/-/32919126852.html|32919126852| 30 Jun 2019 20:05|width:80%;|The Bluetooth connection is quick and excellent but with any other device, the volume is very low when connected to FM radio.|
S***n| https://www.aliexpress.com/item/-/32899754676.html|32899754676| 30 Jun 2019 19:58|width:100%;||
K***p| https://www.aliexpress.com/item/-/32990168748.html|32990168748| 30 Jun 2019 19:28|width:100%;||
list index out of range 使用google翻译太频繁,停止爬虫60s
A***i| https://www.aliexpress.com/item/-/32942094527.html|32942094527| 30 Jun 2019 18:42|width:100%;|Excellent product very satisfied|
list index out of range 使用google翻译太频繁,停止爬虫60s
m***o| https://www.aliexpress.com/item/-/32970973907.html|32970973907| 30 Jun 2019 18:34|width:100%;|El producto es tal y como lo describen. El auto sleep funciona bien y el material corresponde al precio pagado.|
G***y | https://www.aliexpress.com/item/-/32856844088.html|32856844088| 30 Jun 2019 15:12|width:80%;||
C***o| https://www.aliexpress.com/item/-/32874642353.html|32874642353| 30 Jun 2019 14:57|width:100%;||
list index out of range 使用google翻译太频繁,停止爬虫60s
F***d| https://www.aliexpress.com/item/-/32874642353.html|32874642353| 30 Jun 2019 14:35|width:80%;|Its great|
D***a| https://www.aliexpress.com/item/-/32899754676.html|32899754676| 30 Jun 2019 14:18|width:80%;||
list index out of range 使用google翻译太频繁,停止爬虫60s
n***u| https://www.aliexpress.com/item/-/32876951158.html|32876951158| 30 Jun 2019 14:10|width:40%;|Reçu rapidement mais produit fragile je le trouve pas bien du tout à fonctionner 3 jours et ensuite une des branches du système c est détachée donc franchement je ne le recommande pas|
list index out of range 使用google翻译太频繁,停止爬虫60s
f***n| https://www.aliexpress.com/item/-/32911738915.html|32911738915| 30 Jun 2019 14:03|width:100%;|correspond à ma commande, très bien emballé.|
J***y| https://www.aliexpress.com/item/-/32899754676.html|32899754676| 30 Jun 2019 12:35|width:100%;||
list index out of range 使用google翻译太频繁,停止爬虫60s
L***k | https://www.aliexpress.com/item/-/32899754676.html|32899754676| 30 Jun 2019 12:23|width:80%;|There is no rubber band on the lower arm of the holder (see the picture), so the holder is not well fixed on the dash board. I was forced to fix it somehow my way.|
K***o| https://www.aliexpress.com/item/-/32874642353.html|32874642353| 30 Jun 2019 12:20|width:100%;||
g***s| https://www.aliexpress.com/item/-/32856844088.html|32856844088| 30 Jun 2019 11:22|width:100%;||
list index out of range 使用google翻译太频繁,停止爬虫60s
A***v| https://www.aliexpress.com/item/-/32899754676.html|32899754676| 30 Jun 2019 10:29|width:60%;|Отсутствует резиновая накладка на зажиме держателя. Что позволяет, подставке под телефон, скользить и сваливаться с приборной панели автомобиля. Отсутствие важной детали хорошо видно, при сравнении, рекламного постера и моих фотографий. Придется самому доработать девайс.|
list index out of range 使用google翻译太频繁,停止爬虫60s
A***v| https://www.aliexpress.com/item/-/32856844088.html|32856844088| 30 Jun 2019 10:29|width:60%;|Отсутствует резиновая накладка на зажиме держателя. Что позволяет, подставке под телефон, скользить и сваливаться с приборной панели автомобиля. Отсутствие важной детали хорошо видно, при сравнении, рекламного постера и моих фотографий. Придется самому доработать девайс.|
list index out of range 使用google翻译太频繁,停止爬虫60s
S***h| https://www.aliexpress.com/item/-/32874642353.html|32874642353| 30 Jun 2019 10:17|width:100%;|Отлично, всё держит, всё крутитсо, вертится, за эти деньги супер|
M***n| https://www.aliexpress.com/item/-/32899754676.html|32899754676| 30 Jun 2019 10:14|width:80%;||
M***n| https://www.aliexpress.com/item/-/32899754676.html|32899754676| 30 Jun 2019 10:11|width:100%;||
m***a| https://www.aliexpress.com/item/-/32876951158.html|32876951158| 30 Jun 2019 09:14|width:80%;||
list index out of range 使用google翻译太频繁,停止爬虫60s
M***k| https://www.aliexpress.com/item/-/32856844088.html|32856844088| 30 Jun 2019 08:59|width:80%;|produkt przyszedł cały, niezbyt dobrze pasuje do mojego deski w samochodzie.|
list index out of range 使用google翻译太频繁,停止爬虫60s
r***r| https://www.aliexpress.com/item/-/32909704204.html|32909704204| 30 Jun 2019 06:45|width:100%;|as like as discribed|
g***r| https://www.aliexpress.com/item/-/32874642353.html|32874642353| 30 Jun 2019 05:54|width:100%;||
list index out of range 使用google翻译太频繁,停止爬虫60s
E***s| https://www.aliexpress.com/item/-/32876951158.html|32876951158| 30 Jun 2019 05:24|width:60%;|Geeft geen reëel beeld van het daadwerkelijke artikel.|
A***v| https://www.aliexpress.com/item/-/32919126852.html|32919126852| 30 Jun 2019 05:09|width:100%;||
c***a| https://www.aliexpress.com/item/-/32899754676.html|32899754676| 30 Jun 2019 04:49|width:100%;||
f***m| https://www.aliexpress.com/item/-/32899754676.html|32899754676| 30 Jun 2019 04:40|width:100%;||
list index out of range 使用google翻译太频繁,停止爬虫60s
M***k| https://www.aliexpress.com/item/-/32874642353.html|32874642353| 30 Jun 2019 03:40|width:100%;|good Basic holder|
O***n | https://www.aliexpress.com/item/-/32874642353.html|32874642353| 30 Jun 2019 03:36|width:100%;||
B***n| https://www.aliexpress.com/item/-/32899754676.html|32899754676| 30 Jun 2019 03:29|width:80%;||
M***k | https://www.aliexpress.com/item/-/32899754676.html|32899754676| 30 Jun 2019 02:42|width:100%;||
list index out of range 使用google翻译太频繁,停止爬虫60s
M***e| https://www.aliexpress.com/item/-/32874642353.html|32874642353| 30 Jun 2019 00:37|width:100%;|Esta bien|
R***k| https://www.aliexpress.com/item/-/32919126852.html|32919126852| 29 Jun 2019 23:44|width:100%;||
R***o| https://www.aliexpress.com/item/-/32899754676.html|32899754676| 29 Jun 2019 21:03|width:100%;||
list index out of range 使用google翻译太频繁,停止爬虫60s
K***v| https://www.aliexpress.com/item/-/32950850475.html|32950850475| 29 Jun 2019 20:41|width:80%;|доставлено прогнутым. Короче надо пойти и купить, больше не стану заказывать|
G***Z| https://www.aliexpress.com/item/-/32856844088.html|32856844088| 29 Jun 2019 19:06|width:100%;||
A***n| https://www.aliexpress.com/item/-/32911738915.html|32911738915| 29 Jun 2019 17:38|width:100%;||
list index out of range 使用google翻译太频繁,停止爬虫60s
C***m| https://www.aliexpress.com/item/-/32856844088.html|32856844088| 29 Jun 2019 16:04|width:100%;|goed product .|
S***a | https://www.aliexpress.com/item/-/32856844088.html|32856844088| 29 Jun 2019 14:44|width:100%;||
S***a | https://www.aliexpress.com/item/-/32856844088.html|32856844088| 29 Jun 2019 14:44|width:100%;||
list index out of range 使用google翻译太频繁,停止爬虫60s
R***k| https://www.aliexpress.com/item/-/33006655957.html|33006655957| 29 Jun 2019 14:43|width:60%;|Valt enorm tegen. Heb het idee dat het dashboard wordt ingedeukt door de kracht van de klem.|
a***p| https://www.aliexpress.com/item/-/32876951158.html|32876951158| 29 Jun 2019 14:17|width:100%;||
a***n| https://www.aliexpress.com/item/-/32899754676.html|32899754676| 29 Jun 2019 13:53|width:100%;||
d***d| https://www.aliexpress.com/item/-/32874642353.html|32874642353| 29 Jun 2019 12:08|width:100%;||
list index out of range 使用google翻译太频繁,停止爬虫60s
C***D| https://www.aliexpress.com/item/-/32899754676.html|32899754676| 29 Jun 2019 12:00|width:100%;|tout est parfait , c'est bien ce que j'ai commandé , merci|
list index out of range 使用google翻译太频繁,停止爬虫60s
I***s| https://www.aliexpress.com/item/-/32874642353.html|32874642353| 29 Jun 2019 10:42|width:100%;|Посылка пришла в Днепр в упаковке пупырка, все исправное, крепление на вид надёжное.|
list index out of range 使用google翻译太频繁,停止爬虫60s
Z***y | https://www.aliexpress.com/item/-/32899754676.html|32899754676| 29 Jun 2019 10:39|width:100%;|Thank you! It’s perfect, even the shipping was just like 2 weeks. :)|
list index out of range 使用google翻译太频繁,停止爬虫60s
R***n| https://www.aliexpress.com/item/-/32899754676.html|32899754676| 29 Jun 2019 08:38|width:100%;|Хороший держатель , мне понравился .|
list index out of range 使用google翻译太频繁,停止爬虫60s
Z***k| https://www.aliexpress.com/item/-/32899754676.html|32899754676| 29 Jun 2019 08:04|width:100%;|Seller ok|
C***i| https://www.aliexpress.com/item/-/32899754676.html|32899754676| 29 Jun 2019 07:03|width:100%;||
list index out of range 使用google翻译太频繁,停止爬虫60s
T***e| https://www.aliexpress.com/item/-/32899754676.html|32899754676| 29 Jun 2019 06:52|width:100%;|holds up really good this will definitely come in handy|
list index out of range 使用google翻译太频繁,停止爬虫60s
N***g| https://www.aliexpress.com/item/-/32874642353.html|32874642353| 29 Jun 2019 06:36|width:100%;|Very good|
list index out of range 使用google翻译太频繁,停止爬虫60s
R***v| https://www.aliexpress.com/item/-/32899754676.html|32899754676| 29 Jun 2019 06:01|width:60%;|не отслеживается по России.слишком долго идет.|
A***a| https://www.aliexpress.com/item/-/32909704204.html|32909704204| 29 Jun 2019 05:55|width:100%;||
list index out of range 使用google翻译太频繁,停止爬虫60s
H***E| https://www.aliexpress.com/item/-/32919126852.html|32919126852| 29 Jun 2019 05:46|width:100%;|El producto es exactamente igual que en la foto, cuando yo lo probé en mi coche no me funciono pero eso no quiere decir que no funcione.|
M***m| https://www.aliexpress.com/item/-/32899754676.html|32899754676| 29 Jun 2019 04:54|width:100%;||
M***m| https://www.aliexpress.com/item/-/32899754676.html|32899754676| 29 Jun 2019 04:48|width:100%;||
A***r| https://www.aliexpress.com/item/-/32899754676.html|32899754676| 29 Jun 2019 04:46|width:100%;||
list index out of range 使用google翻译太频繁,停止爬虫60s
V***s| https://www.aliexpress.com/item/-/32899754676.html|32899754676| 29 Jun 2019 04:32|width:100%;|Thanks! Everything works fine!|
O***a | https://www.aliexpress.com/item/-/32874642353.html|32874642353| 29 Jun 2019 04:11|width:100%;||
list index out of range 使用google翻译太频繁,停止爬虫60s
N***a| https://www.aliexpress.com/item/-/32909704204.html|32909704204| 29 Jun 2019 04:03|width:100%;|доставка 12 дней до Свердловской области, трек отслеживался, на вид хлипковатая конструкция, планшет держит как-будто не крепко, как будет держать в дороге ещё не проверяли, соответствует фото|
list index out of range 使用google翻译太频繁,停止爬虫60s
N***a| https://www.aliexpress.com/item/-/32876951158.html|32876951158| 29 Jun 2019 04:03|width:100%;|доставка 12 дней до Свердловской области, трек отслеживался, на вид хлипковатая конструкция, соответствует описанию и фото, ещё не проверяли как будет держаться телефон,|
M***i| https://www.aliexpress.com/item/-/32911738915.html|32911738915| 29 Jun 2019 03:59|width:100%;||
T***c| https://www.aliexpress.com/item/-/32919126852.html|32919126852| 29 Jun 2019 03:56|width:100%;||
R***a | https://www.aliexpress.com/item/-/32856844088.html|32856844088| 29 Jun 2019 03:50|width:100%;||
p***n| https://www.aliexpress.com/item/-/32926097679.html|32926097679| 29 Jun 2019 03:20|width:100%;||
R***v| https://www.aliexpress.com/item/-/32899754676.html|32899754676| 29 Jun 2019 03:02|width:80%;||
N***a| https://www.aliexpress.com/item/-/32923859223.html|32923859223| 29 Jun 2019 02:40|width:80%;||
list index out of range 使用google翻译太频繁,停止爬虫60s
S***v | https://www.aliexpress.com/item/-/32950850475.html|32950850475| 29 Jun 2019 01:59|width:100%;|Ok|
list index out of range 使用google翻译太频繁,停止爬虫60s
P***e| https://www.aliexpress.com/item/-/32899754676.html|32899754676| 29 Jun 2019 01:05|width:100%;|Arrivato con molto anticipo. buon prodotto. consigliato|
A***A | https://www.aliexpress.com/item/-/32950850475.html|32950850475| 29 Jun 2019 01:02|width:100%;||
list index out of range 使用google翻译太频繁,停止爬虫60s
v***r| https://www.aliexpress.com/item/-/32899754676.html|32899754676| 29 Jun 2019 00:35|width:100%;|товар прибыл достаточно быстро, 12 дней и уже на почте. соответсвует описанию. на приборной панели держится хорошо. телефон держит крепко. немного пахнет пластиком, но думаю это временно.|
A***h| https://www.aliexpress.com/item/-/32876951158.html|32876951158| 29 Jun 2019 00:26|width:100%;||
F***i| https://www.aliexpress.com/item/-/32899754676.html|32899754676| 29 Jun 2019 00:12|width:80%;||
list index out of range 使用google翻译太频繁,停止爬虫60s
P***n| https://www.aliexpress.com/item/-/32919126852.html|32919126852| 28 Jun 2019 23:03|width:100%;|отлично работает)))|
list index out of range 使用google翻译太频繁,停止爬虫60s
S***v | https://www.aliexpress.com/item/-/32899754676.html|32899754676| 28 Jun 2019 23:03|width:100%;|Хорошая держала. На панели держится, поворачивается. Качество хорошее|
O***n| https://www.aliexpress.com/item/-/32926097679.html|32926097679| 28 Jun 2019 16:36|width:100%;||
list index out of range 使用google翻译太频繁,停止爬虫60s
N***s| https://www.aliexpress.com/item/-/32874642353.html|32874642353| 28 Jun 2019 16:11|width:60%;|Only photos of 1 support|
I***v | https://www.aliexpress.com/item/-/32874642353.html|32874642353| 28 Jun 2019 12:22|width:100%;||
I***v | https://www.aliexpress.com/item/-/32874642353.html|32874642353| 28 Jun 2019 12:22|width:100%;||
list index out of range 使用google翻译太频繁,停止爬虫60s
M***r| https://www.aliexpress.com/item/-/32874642353.html|32874642353| 28 Jun 2019 12:06|width:100%;|Прекрасный держатель. Планшет 10,1 держит на ура.|
g***n| https://www.aliexpress.com/item/-/32926097679.html|32926097679| 28 Jun 2019 11:30|width:100%;||
h***n| https://www.aliexpress.com/item/-/32874642353.html|32874642353| 28 Jun 2019 11:12|width:100%;||
R***s| https://www.aliexpress.com/item/-/32870526812.html|32870526812| 28 Jun 2019 10:50|width:100%;||
I***c| https://www.aliexpress.com/item/-/32856844088.html|32856844088| 28 Jun 2019 10:49|width:100%;||
P***t| https://www.aliexpress.com/item/-/33030605158.html|33030605158| 28 Jun 2019 10:47|width:80%;||
j***s| https://www.aliexpress.com/item/-/32874642353.html|32874642353| 28 Jun 2019 10:44|width:100%;||
list index out of range 使用google翻译太频繁,停止爬虫60s
H***n| https://www.aliexpress.com/item/-/32950850475.html|32950850475| 28 Jun 2019 10:20|width:100%;|Sehr schön und passt hervorragend.sehr zu empfehlen|
list index out of range 使用google翻译太频繁,停止爬虫60s
E***a| https://www.aliexpress.com/item/-/32899754676.html|32899754676| 28 Jun 2019 10:14|width:100%;|Держатель нормальный, но перед применением защитите панель, на которую будете надевать его, т.к. оставляет царапины.|
list index out of range 使用google翻译太频繁,停止爬虫60s
E***a| https://www.aliexpress.com/item/-/32899754676.html|32899754676| 28 Jun 2019 10:14|width:100%;|Держатель нормальный, но перед применением защитите панель, на которую будете надевать его, т.к. оставляет царапины.|
J***i| https://www.aliexpress.com/item/-/32899754676.html|32899754676| 28 Jun 2019 10:09|width:100%;||
list index out of range 使用google翻译太频繁,停止爬虫60s
K***T| https://www.aliexpress.com/item/-/32876951158.html|32876951158| 28 Jun 2019 09:25|width:100%;|arrivé cassé mais remboursé sans problème.|
V***n | https://www.aliexpress.com/item/-/32919126852.html|32919126852| 28 Jun 2019 08:45|width:80%;||
P***v| https://www.aliexpress.com/item/-/32899754676.html|32899754676| 28 Jun 2019 08:40|width:80%;||
list index out of range 使用google翻译太频繁,停止爬虫60s
s***t| https://www.aliexpress.com/item/-/32919126852.html|32919126852| 28 Jun 2019 08:34|width:100%;|Rapidement reçu sa marche correctement|
G***a| https://www.aliexpress.com/item/-/32909704204.html|32909704204| 28 Jun 2019 08:28|width:100%;||
g***b| https://www.aliexpress.com/item/-/32899754676.html|32899754676| 28 Jun 2019 07:26|width:100%;||
A***v| https://www.aliexpress.com/item/-/32856844088.html|32856844088| 28 Jun 2019 07:20|width:100%;||
D***t| https://www.aliexpress.com/item/-/32876951158.html|32876951158| 28 Jun 2019 07:18|width:100%;||
v***v| https://www.aliexpress.com/item/-/32876951158.html|32876951158| 28 Jun 2019 06:59|width:80%;||
list index out of range 使用google翻译太频繁,停止爬虫60s
A***a| https://www.aliexpress.com/item/-/32942094527.html|32942094527| 28 Jun 2019 06:57|width:60%;|Its so shortly for my iphone|
M***e| https://www.aliexpress.com/item/-/32874642353.html|32874642353| 28 Jun 2019 06:35|width:100%;||
A***i| https://www.aliexpress.com/item/-/32899754676.html|32899754676| 28 Jun 2019 06:20|width:100%;||
R***e| https://www.aliexpress.com/item/-/32899754676.html|32899754676| 28 Jun 2019 06:10|width:100%;||
list index out of range 使用google翻译太频繁,停止爬虫60s
R***n| https://www.aliexpress.com/item/-/32909704204.html|32909704204| 28 Jun 2019 05:19|width:100%;|Товар получен во время.|
list index out of range 使用google翻译太频繁,停止爬虫60s
I***o| https://www.aliexpress.com/item/-/32909704204.html|32909704204| 28 Jun 2019 05:07|width:100%;|Продавец общительный. Товар прислал, но не хватало металлической скобы для крепления. Продавец отправил другой товар, там все было в наличии. Спасибо за товар. P.S крепление пока не проверял, но думаю будет держаться хорошо.|
B***r| https://www.aliexpress.com/item/-/32899754676.html|32899754676| 28 Jun 2019 04:59|width:100%;||
I***m| https://www.aliexpress.com/item/-/32899754676.html|32899754676| 28 Jun 2019 04:49|width:100%;||
a***a | https://www.aliexpress.com/item/-/32899754676.html|32899754676| 28 Jun 2019 04:46|width:100%;||
F***k| https://www.aliexpress.com/item/-/32876951158.html|32876951158| 28 Jun 2019 04:42|width:100%;||
list index out of range 使用google翻译太频繁,停止爬虫60s
V***k| https://www.aliexpress.com/item/-/32856844088.html|32856844088| 28 Jun 2019 04:04|width:100%;|ok|
A***a| https://www.aliexpress.com/item/-/32874642353.html|32874642353| 28 Jun 2019 03:55|width:100%;||
list index out of range 使用google翻译太频繁,停止爬虫60s
A***a| https://www.aliexpress.com/item/-/32899754676.html|32899754676| 28 Jun 2019 03:24|width:100%;|Очень хорошо упакован. До Минска пришел быстро. Спасибо продавцу.|
M***e| https://www.aliexpress.com/item/-/32899754676.html|32899754676| 28 Jun 2019 03:23|width:100%;||
M***o| https://www.aliexpress.com/item/-/32874642353.html|32874642353| 28 Jun 2019 03:23|width:100%;||
I***i| https://www.aliexpress.com/item/-/32919126852.html|32919126852| 28 Jun 2019 02:09|width:100%;||
g***e| https://www.aliexpress.com/item/-/32970388345.html|32970388345| 28 Jun 2019 02:03|width:100%;||
G***m| https://www.aliexpress.com/item/-/32876951158.html|32876951158| 28 Jun 2019 01:48|width:100%;||
list index out of range 使用google翻译太频繁,停止爬虫60s
M***a| https://www.aliexpress.com/item/-/32876951158.html|32876951158| 28 Jun 2019 01:45|width:100%;|It came broken but the seller send me new one so I will see how it will come.|
K***l| https://www.aliexpress.com/item/-/32899754676.html|32899754676| 28 Jun 2019 01:23|width:100%;||
S***d| https://www.aliexpress.com/item/-/32876951158.html|32876951158| 28 Jun 2019 01:08|width:100%;||
list index out of range 使用google翻译太频繁,停止爬虫60s
E***v| https://www.aliexpress.com/item/-/32856844088.html|32856844088| 28 Jun 2019 01:04|width:100%;|очень удобно|
A***a| https://www.aliexpress.com/item/-/32950850475.html|32950850475| 28 Jun 2019 00:42|width:100%;||
E***k| https://www.aliexpress.com/item/-/32899754676.html|32899754676| 28 Jun 2019 00:12|width:100%;||
M***v| https://www.aliexpress.com/item/-/32874642353.html|32874642353| 28 Jun 2019 00:11|width:100%;||
A***z| https://www.aliexpress.com/item/-/32874642353.html|32874642353| 27 Jun 2019 23:38|width:100%;||
list index out of range 使用google翻译太频繁,停止爬虫60s
S***o| https://www.aliexpress.com/item/-/32899754676.html|32899754676| 27 Jun 2019 23:34|width:20%;|Ничего хорошего не могу сказать о товаре, он просто не пришел.|
A***s | https://www.aliexpress.com/item/-/32899754676.html|32899754676| 27 Jun 2019 23:22|width:100%;||
L***x| https://www.aliexpress.com/item/-/32899754676.html|32899754676| 27 Jun 2019 23:18|width:100%;||
Y***o| https://www.aliexpress.com/item/-/32874642353.html|32874642353| 27 Jun 2019 23:17|width:80%;||
E***n| https://www.aliexpress.com/item/-/32874642353.html|32874642353| 27 Jun 2019 22:27|width:100%;||
list index out of range 使用google翻译太频繁,停止爬虫60s
E***a| https://www.aliexpress.com/item/-/32919126852.html|32919126852| 27 Jun 2019 22:18|width:100%;|Заказ пришел в Тверь за 11 дней usb и Bluetooth работает, очень довольна|
list index out of range 使用google翻译太频繁,停止爬虫60s
D***z| https://www.aliexpress.com/item/-/32899754676.html|32899754676| 27 Jun 2019 21:56|width:60%;|the pads of the upper plastic and too rigid and does not adhere. and there are no pads on the bottom part .... unusable product on my vehicle.|
M***L| https://www.aliexpress.com/item/-/32919126852.html|32919126852| 27 Jun 2019 21:12|width:100%;||
m***m| https://www.aliexpress.com/item/-/32899754676.html|32899754676| 27 Jun 2019 20:57|width:100%;||
list index out of range 使用google翻译太频繁,停止爬虫60s
s***m| https://www.aliexpress.com/item/-/32926097679.html|32926097679| 27 Jun 2019 20:37|width:80%;|보통|
list index out of range 使用google翻译太频繁,停止爬虫60s
s***m| https://www.aliexpress.com/item/-/32899754676.html|32899754676| 27 Jun 2019 20:37|width:80%;|보통|
b***v| https://www.aliexpress.com/item/-/32874642353.html|32874642353| 27 Jun 2019 20:32|width:100%;||
list index out of range 使用google翻译太频繁,停止爬虫60s
R***v| https://www.aliexpress.com/item/-/32909704204.html|32909704204| 27 Jun 2019 20:08|width:100%;|Держится хорошо. Для Октавии А5, маловат, но закрепил.Рекомендую.|
邮件发送成功
