D***u| https://www.aliexpress.com/item/-/32851544659.html|32851544659| 05 Jun 2019 14:10|width:100%;||
list index out of range 使用google翻译太频繁,停止爬虫60s
D***k| https://www.aliexpress.com/item/-/32822945250.html|32822945250| 03 Jun 2019 10:12|width:60%;|Товар так и не пришёл. Деньги вернулись на счет|
a***a| https://www.aliexpress.com/item/-/32741219610.html|32741219610| 25 May 2019 14:57|width:100%;||
list index out of range 使用google翻译太频繁,停止爬虫60s
K***v| https://www.aliexpress.com/item/-/32840968280.html|32840968280| 24 May 2019 12:36|width:20%;|delivery is not received|
S***r| https://www.aliexpress.com/item/-/32741219610.html|32741219610| 23 May 2019 05:04|width:100%;||
list index out of range 使用google翻译太频繁,停止爬虫60s
T***i| https://www.aliexpress.com/item/-/32822945250.html|32822945250| 22 May 2019 19:33|width:100%;|Excelente producto lo recomiendo al 100% aunque no llego, pero el vendedor reembolso sin ningún problema.|
list index out of range 使用google翻译太频繁,停止爬虫60s
S***v| https://www.aliexpress.com/item/-/32741219610.html|32741219610| 21 May 2019 07:25|width:100%;|Хотя посылку и потеряли на пути ко мне,но продавец очень ответственный,отвечал на сообщения сразу,деньги вернули и я рекомендую его,а с доставкой бывают неудачи у многих магазинов.|
K***n| https://www.aliexpress.com/item/-/32853211672.html|32853211672| 20 May 2019 12:55|width:100%;||
list index out of range 使用google翻译太频繁,停止爬虫60s
P***v| https://www.aliexpress.com/item/-/32840968280.html|32840968280| 19 May 2019 13:12|width:20%;|посылка так и не дошла _ трек по России не отслеживается|
G***n| https://www.aliexpress.com/item/-/32809381513.html|32809381513| 16 May 2019 10:19|width:100%;||
I***n| https://www.aliexpress.com/item/-/32741219610.html|32741219610| 16 May 2019 08:15|width:100%;||
E***a| https://www.aliexpress.com/item/-/32853155795.html|32853155795| 16 May 2019 05:10|width:100%;||
M***v| https://www.aliexpress.com/item/-/32741219610.html|32741219610| 14 May 2019 19:26|width:100%;||
list index out of range 使用google翻译太频繁,停止爬虫60s
V***v| https://www.aliexpress.com/item/-/32741219610.html|32741219610| 14 May 2019 08:01|width:40%;|спустя 3 месяца после отправки - товар так и не получил. спор открыть уже не получается|
E***a | https://www.aliexpress.com/item/-/32741219610.html|32741219610| 14 May 2019 04:08|width:100%;||
D***o| https://www.aliexpress.com/item/-/32853155795.html|32853155795| 11 May 2019 14:36|width:100%;||
list index out of range 使用google翻译太频繁,停止爬虫60s
A***o| https://www.aliexpress.com/item/-/32853211672.html|32853211672| 11 May 2019 11:52|width:100%;|Поставил 5 звезд. Заказ не пришел, но продавец нормальный, заинтересованный. Продлевал время защиты. Общался. Не его вина, что заказ не доехал. (Респект почте.) В конце сделал возврат.|
list index out of range 使用google翻译太频繁,停止爬虫60s
n***n| https://www.aliexpress.com/item/-/32840968280.html|32840968280| 10 May 2019 11:32|width:20%;|Je ne l’ai jamais reçu je l attend toujours merci de me faire un remboursement|
A***a| https://www.aliexpress.com/item/-/32741219610.html|32741219610| 10 May 2019 08:35|width:100%;||
list index out of range 使用google翻译太频繁,停止爬虫60s
E***z| https://www.aliexpress.com/item/-/32840968280.html|32840968280| 09 May 2019 15:16|width:40%;|nunca lo resivi|
N***c| https://www.aliexpress.com/item/-/32741219610.html|32741219610| 09 May 2019 09:48|width:100%;||
M***a| https://www.aliexpress.com/item/-/32840968280.html|32840968280| 09 May 2019 02:57|width:100%;||
list index out of range 使用google翻译太频繁,停止爬虫60s
A***a| https://www.aliexpress.com/item/-/32840968280.html|32840968280| 08 May 2019 08:57|width:20%;|товар не пришёл|
list index out of range 使用google翻译太频繁,停止爬虫60s
O***a| https://www.aliexpress.com/item/-/32741219610.html|32741219610| 07 May 2019 06:16|width:100%;|Отличные липучки, подойдут для толстых проводов и веревок.|
list index out of range 使用google翻译太频繁,停止爬虫60s
V***v| https://www.aliexpress.com/item/-/32804425443.html|32804425443| 06 May 2019 06:20|width:20%;|Товар не пришел, спор пропустил не советую продовца.|
o***v| https://www.aliexpress.com/item/-/32822945250.html|32822945250| 06 May 2019 00:09|width:100%;||
o***v| https://www.aliexpress.com/item/-/32822945250.html|32822945250| 06 May 2019 00:08|width:100%;||
o***v| https://www.aliexpress.com/item/-/32822945250.html|32822945250| 06 May 2019 00:08|width:100%;||
P***V| https://www.aliexpress.com/item/-/32809381513.html|32809381513| 05 May 2019 11:42|width:100%;||
list index out of range 使用google翻译太频繁,停止爬虫60s
S***r| https://www.aliexpress.com/item/-/32822945250.html|32822945250| 05 May 2019 10:41|width:100%;|Наушники идеальные! Оказались чуть розовее, чем я ожидала, но не критично. Звук громкий, смотрятся отлично! Никаких царапин, сколов и посторонних запахов нет. Кто говорит, что не держатся в ушах - тяжелые, те не умеют пользоваться. есть магниты, которые нужно застегнуть за шеей, что идеально крепит наушкини и они не болтаются, не мешаются и не выпадают из ушех! Спасибо! Покупкой довольна, с продавцом не общалась, дрставка до Москвы около месяца.|
G***v | https://www.aliexpress.com/item/-/32809381513.html|32809381513| 05 May 2019 05:49|width:100%;||
list index out of range 使用google翻译太频繁,停止爬虫60s
L***a| https://www.aliexpress.com/item/-/32822945250.html|32822945250| 04 May 2019 06:39|width:100%;|love this ones so beayty|
list index out of range 使用google翻译太频繁,停止爬虫60s
V***v | https://www.aliexpress.com/item/-/32866658033.html|32866658033| 03 May 2019 06:51|width:20%;|Ужасно!!|
L***a| https://www.aliexpress.com/item/-/32822945250.html|32822945250| 03 May 2019 00:14|width:100%;||
A***v| https://www.aliexpress.com/item/-/32891863356.html|32891863356| 02 May 2019 22:20|width:100%;||
K***v| https://www.aliexpress.com/item/-/32809381513.html|32809381513| 01 May 2019 21:34|width:80%;||
K***v| https://www.aliexpress.com/item/-/32853155795.html|32853155795| 01 May 2019 21:34|width:80%;||
list index out of range 使用google翻译太频繁,停止爬虫60s
Y***v| https://www.aliexpress.com/item/-/32853211672.html|32853211672| 01 May 2019 08:03|width:100%;|К сожалению так и не дождался посылки в течение 4 месяцев. Продавец общительный, продлевал срок защиты покупателя. В итоге открыл спор, продавец без проблем вернул деньги.|
V***o| https://www.aliexpress.com/item/-/32853211672.html|32853211672| 01 May 2019 03:56|width:80%;||
V***o| https://www.aliexpress.com/item/-/32853211672.html|32853211672| 01 May 2019 03:56|width:80%;||
K***a| https://www.aliexpress.com/item/-/32853211672.html|32853211672| 30 Apr 2019 14:55|width:100%;||
A***a | https://www.aliexpress.com/item/-/32840968280.html|32840968280| 30 Apr 2019 06:28|width:100%;||
G***a| https://www.aliexpress.com/item/-/32741219610.html|32741219610| 29 Apr 2019 09:48|width:100%;||
G***a| https://www.aliexpress.com/item/-/32741219610.html|32741219610| 29 Apr 2019 09:48|width:100%;||
I***e| https://www.aliexpress.com/item/-/32822945250.html|32822945250| 29 Apr 2019 06:19|width:100%;||
list index out of range 使用google翻译太频繁,停止爬虫60s
A***a| https://www.aliexpress.com/item/-/32853155795.html|32853155795| 29 Apr 2019 02:08|width:100%;|Отличный чехол, сидит плотно. Очень помогает найти наушники в недрах сумки)|
v***b| https://www.aliexpress.com/item/-/32741219610.html|32741219610| 29 Apr 2019 00:23|width:100%;||
R***a| https://www.aliexpress.com/item/-/32840968280.html|32840968280| 28 Apr 2019 23:20|width:100%;||
list index out of range 使用google翻译太频繁,停止爬虫60s
Y***n| https://www.aliexpress.com/item/-/32741219610.html|32741219610| 28 Apr 2019 12:47|width:100%;|Эти липучки я купил в этом магазине уже во 2-й раз. У меня много проводов,- работаю с проектором и звуком. - Очень удобно работать с такими липучками,- всё оргагизованно и легко найти в куче проводов - нужный, не нужно мучиться - распутывать! Спасибо продавцу.|
A***k| https://www.aliexpress.com/item/-/32822945250.html|32822945250| 28 Apr 2019 08:41|width:100%;||
A***r| https://www.aliexpress.com/item/-/32741219610.html|32741219610| 27 Apr 2019 23:18|width:100%;||
O***z| https://www.aliexpress.com/item/-/32840968280.html|32840968280| 27 Apr 2019 16:57|width:80%;||
O***z| https://www.aliexpress.com/item/-/32840968280.html|32840968280| 27 Apr 2019 16:57|width:80%;||
A***v| https://www.aliexpress.com/item/-/32741219610.html|32741219610| 27 Apr 2019 11:12|width:100%;||
I***v| https://www.aliexpress.com/item/-/32840968280.html|32840968280| 27 Apr 2019 08:24|width:100%;||
V***n| https://www.aliexpress.com/item/-/32744782945.html|32744782945| 27 Apr 2019 07:46|width:100%;||
V***n| https://www.aliexpress.com/item/-/32744782945.html|32744782945| 27 Apr 2019 07:46|width:100%;||
A***e| https://www.aliexpress.com/item/-/32822945250.html|32822945250| 26 Apr 2019 23:45|width:100%;||
M***k| https://www.aliexpress.com/item/-/32840968280.html|32840968280| 26 Apr 2019 23:31|width:100%;||
list index out of range 使用google翻译太频繁,停止爬虫60s
K***k| https://www.aliexpress.com/item/-/32822945250.html|32822945250| 26 Apr 2019 08:01|width:100%;|Se escuchan muy bien y son muy lindos :)|
list index out of range 使用google翻译太频繁,停止爬虫60s
T***A| https://www.aliexpress.com/item/-/32741219610.html|32741219610| 26 Apr 2019 06:13|width:100%;|Заказом довольна. Спасибо.|
list index out of range 使用google翻译太频繁,停止爬虫60s
P***r | https://www.aliexpress.com/item/-/32822945250.html|32822945250| 26 Apr 2019 02:14|width:100%;|Goood and like picture|
B***a| https://www.aliexpress.com/item/-/32741219610.html|32741219610| 25 Apr 2019 13:29|width:100%;||
list index out of range 使用google翻译太频繁,停止爬虫60s
B***k| https://www.aliexpress.com/item/-/32741219610.html|32741219610| 25 Apr 2019 12:29|width:100%;|Opaski kablowe zapinane na rzep, wielokrotnego użytku. Dzięki nim uporządkowałam nie tylko kable ale i łańcuchy oraz światełka świąteczne. Uniwersalne zastosowania, na pewno domówię jeszcze. Dostawa w miesiąc do PL.|
list index out of range 使用google翻译太频繁,停止爬虫60s
A***o| https://www.aliexpress.com/item/-/32741219610.html|32741219610| 25 Apr 2019 10:02|width:100%;|Соответствует описанию.|
list index out of range 使用google翻译太频繁,停止爬虫60s
A***o| https://www.aliexpress.com/item/-/32741219610.html|32741219610| 25 Apr 2019 10:01|width:100%;|Соответствует описанию.|
list index out of range 使用google翻译太频繁,停止爬虫60s
M***y| https://www.aliexpress.com/item/-/32853211672.html|32853211672| 25 Apr 2019 00:53|width:100%;|очень долго шло.|
list index out of range 使用google翻译太频繁,停止爬虫60s
v***v| https://www.aliexpress.com/item/-/32822945250.html|32822945250| 24 Apr 2019 21:26|width:100%;|наушники очень красивые, звук отличный|
B***o| https://www.aliexpress.com/item/-/32853211672.html|32853211672| 24 Apr 2019 15:48|width:100%;||
list index out of range 使用google翻译太频繁,停止爬虫60s
M***l | https://www.aliexpress.com/item/-/32875671763.html|32875671763| 24 Apr 2019 13:06|width:100%;|High quality and recommended|
g***n| https://www.aliexpress.com/item/-/32741219610.html|32741219610| 24 Apr 2019 11:52|width:100%;||
list index out of range 使用google翻译太频繁,停止爬虫60s
A***h| https://www.aliexpress.com/item/-/32853155795.html|32853155795| 24 Apr 2019 08:19|width:60%;|Очень долгая доставка и немного кривой|
list index out of range 使用google翻译太频繁,停止爬虫60s
g***o| https://www.aliexpress.com/item/-/32910768093.html|32910768093| 24 Apr 2019 01:49|width:20%;|he cambiado de targeta porque perdi la que tenia y aun no han ingresado el dinero|
A***n| https://www.aliexpress.com/item/-/32853155795.html|32853155795| 23 Apr 2019 22:13|width:80%;||
I***a| https://www.aliexpress.com/item/-/32741219610.html|32741219610| 23 Apr 2019 13:30|width:100%;||
list index out of range 使用google翻译太频繁,停止爬虫60s
I***v| https://www.aliexpress.com/item/-/32741219610.html|32741219610| 23 Apr 2019 10:48|width:100%;|Many thanks !!!|
a***a| https://www.aliexpress.com/item/-/32851283385.html|32851283385| 23 Apr 2019 07:28|width:100%;||
G***o| https://www.aliexpress.com/item/-/32741219610.html|32741219610| 23 Apr 2019 07:16|width:100%;||
list index out of range 使用google翻译太频繁,停止爬虫60s
E***a| https://www.aliexpress.com/item/-/32853155795.html|32853155795| 23 Apr 2019 07:10|width:20%;|Товар не пришёл (|
list index out of range 使用google翻译太频繁,停止爬虫60s
L***a| https://www.aliexpress.com/item/-/32853211672.html|32853211672| 23 Apr 2019 04:52|width:40%;|товар не пришёл|
list index out of range 使用google翻译太频繁,停止爬虫60s
N***a| https://www.aliexpress.com/item/-/32853211672.html|32853211672| 23 Apr 2019 04:14|width:20%;|Товар так и не получила!!|
C***a| https://www.aliexpress.com/item/-/32840968280.html|32840968280| 23 Apr 2019 02:47|width:100%;||
C***a| https://www.aliexpress.com/item/-/32840968280.html|32840968280| 23 Apr 2019 02:47|width:100%;||
R***c| https://www.aliexpress.com/item/-/32840968280.html|32840968280| 22 Apr 2019 23:51|width:100%;||
list index out of range 使用google翻译太频繁,停止爬虫60s
K***o| https://www.aliexpress.com/item/-/32809381513.html|32809381513| 22 Apr 2019 10:51|width:100%;|Thank You!|
list index out of range 使用google翻译太频繁,停止爬虫60s
A***n| https://www.aliexpress.com/item/-/32741219610.html|32741219610| 21 Apr 2019 22:58|width:100%;|отличные стяжки.|
list index out of range 使用google翻译太频繁,停止爬虫60s
E***a| https://www.aliexpress.com/item/-/32853155795.html|32853155795| 21 Apr 2019 11:53|width:60%;|С февраля все идёт|
list index out of range 使用google翻译太频繁,停止爬虫60s
H***n| https://www.aliexpress.com/item/-/32853211672.html|32853211672| 21 Apr 2019 11:32|width:100%;|Thanks,|
list index out of range 使用google翻译太频繁,停止爬虫60s
N***o| https://www.aliexpress.com/item/-/32741219610.html|32741219610| 21 Apr 2019 09:39|width:100%;|Ооооочень долгая доставка, заказала 21.01. Получила 19.04. Уже после того как закончилась защита и возврата денег. Но товаром довольна, качество хорошее, количество не проверяла|
list index out of range 使用google翻译太频繁,停止爬虫60s
Z***o| https://www.aliexpress.com/item/-/32840968280.html|32840968280| 21 Apr 2019 08:14|width:100%;|Все отлично, я доволен всем|
A***v| https://www.aliexpress.com/item/-/32878045046.html|32878045046| 21 Apr 2019 05:01|width:100%;||